2015-12-01 00:00:48.493+0000 INFO  [org.neo4j]: No locking implementation specified, defaulting to 'community'
2015-12-01 00:00:48.705+0000 INFO  [org.neo4j]: --- INITIALIZED diagnostics START ---
2015-12-01 00:00:48.708+0000 INFO  [org.neo4j]: Neo4j Kernel properties:
    store_dir=grafo
    ephemeral=false
2015-12-01 00:00:48.717+0000 INFO  [org.neo4j]: Diagnostics providers:
    org.neo4j.kernel.configuration.Config
    org.neo4j.kernel.info.DiagnosticsManager
    SYSTEM_MEMORY
    JAVA_MEMORY
    OPERATING_SYSTEM
    JAVA_VIRTUAL_MACHINE
    CLASSPATH
    LIBRARY_PATH
    SYSTEM_PROPERTIES
    LINUX_SCHEDULERS
    NETWORK
2015-12-01 00:00:48.718+0000 INFO  [org.neo4j]: System memory information:
    Total Physical memory: 3,74 GB
    Free Physical memory: 154,08 MB
    Committed virtual memory: 3,12 GB
    Total swap space: 3,88 GB
    Free swap space: 3,82 GB
2015-12-01 00:00:48.724+0000 INFO  [org.neo4j]: JVM memory information:
    Free  memory: 28,12 MB
    Total memory: 57,50 MB
    Max   memory: 853,50 MB
    Garbage Collector: PS Scavenge: [PS Eden Space, PS Survivor Space]
    Garbage Collector: PS MarkSweep: [PS Eden Space, PS Survivor Space, PS Old Gen]
    Memory Pool: Code Cache (Non-heap memory): committed=3,00 MB, used=2,99 MB, max=240,00 MB, threshold=0,00 B
    Memory Pool: Metaspace (Non-heap memory): committed=11,13 MB, used=10,73 MB, max=-1,00 B, threshold=0,00 B
    Memory Pool: Compressed Class Space (Non-heap memory): committed=1,63 MB, used=1,41 MB, max=1,00 GB, threshold=0,00 B
    Memory Pool: PS Eden Space (Heap memory): committed=15,00 MB, used=5,03 MB, max=315,00 MB, threshold=?
    Memory Pool: PS Survivor Space (Heap memory): committed=2,50 MB, used=2,50 MB, max=2,50 MB, threshold=?
    Memory Pool: PS Old Gen (Heap memory): committed=40,00 MB, used=21,86 MB, max=640,00 MB, threshold=0,00 B
2015-12-01 00:00:48.731+0000 INFO  [org.neo4j]: Operating system information:
    Operating System: Linux; version: 3.19.0-32-generic; arch: amd64; cpus: 2
    Max number of file descriptors: 65536
    Number of open file descriptors: 46
    Process id: 6500@Sebastian-NTBK
    Byte order: LITTLE_ENDIAN
    Local timezone: America/Santiago
2015-12-01 00:00:48.733+0000 INFO  [org.neo4j]: JVM information:
    VM Name: Java HotSpot(TM) 64-Bit Server VM
    VM Vendor: Oracle Corporation
    VM Version: 25.45-b02
    JIT compiler: HotSpot 64-Bit Tiered Compilers
    VM Arguments: [-Dfile.encoding=UTF-8]
2015-12-01 00:00:48.734+0000 INFO  [org.neo4j]: Java classpath:
     [bootstrap] /usr/lib/jvm/java-8-oracle/jre/lib/charsets.jar
     [classpath + loader.0] file:/home/kidpolos/Escritorio/neo4j-community-2.2.4/lib/neo4j-unsafe-2.2.4.jar
     [classpath + loader.0] file:/home/kidpolos/Escritorio/neo4j-community-2.2.4/lib/opencsv-2.3.jar
     [loader.1] file:/usr/lib/jvm/java-8-oracle/jre/lib/ext/zipfs.jar
     [loader.1] file:/usr/lib/jvm/java-8-oracle/jre/lib/ext/jfxrt.jar
     [bootstrap] /usr/lib/jvm/java-8-oracle/jre/lib/jce.jar
     [classpath] /home/kidpolos/Escritorio/TABD Bases de datos/TABD-Generador-BDs/bin
     [loader.1] file:/usr/lib/jvm/java-8-oracle/jre/lib/ext/sunjce_provider.jar
     [classpath + loader.0] file:/home/kidpolos/Escritorio/neo4j-community-2.2.4/lib/neo4j-primitive-collections-2.2.4.jar
     [classpath + loader.0] file:/home/kidpolos/Escritorio/neo4j-community-2.2.4/lib/neo4j-graph-matching-2.2.4.jar
     [classpath + loader.0] file:/home/kidpolos/Escritorio/neo4j-community-2.2.4/lib/neo4j-udc-2.2.4.jar
     [classpath + loader.0] file:/home/kidpolos/Escritorio/neo4j-community-2.2.4/lib/neo4j-cypher-compiler-2.2-2.2.4.jar
     [classpath + loader.0] file:/home/kidpolos/Escritorio/neo4j-community-2.2.4/lib/neo4j-jmx-2.2.4.jar
     [classpath + loader.0] file:/home/kidpolos/Escritorio/neo4j-community-2.2.4/lib/neo4j-io-2.2.4.jar
     [bootstrap] /usr/lib/jvm/java-8-oracle/jre/classes
     [classpath + loader.0] file:/home/kidpolos/Escritorio/neo4j-community-2.2.4/lib/neo4j-consistency-check-2.2.4.jar
     [bootstrap] /usr/lib/jvm/java-8-oracle/jre/lib/jfr.jar
     [classpath + loader.0] file:/home/kidpolos/Escritorio/neo4j-community-2.2.4/lib/neo4j-csv-2.2.4.jar
     [classpath + loader.0] file:/home/kidpolos/Escritorio/neo4j-community-2.2.4/lib/neo4j-shell-2.2.4.jar
     [classpath + loader.0] file:/home/kidpolos/Escritorio/neo4j-community-2.2.4/lib/neo4j-cypher-compiler-2.1-2.1.8.jar
     [classpath + loader.0] file:/home/kidpolos/Escritorio/neo4j-community-2.2.4/lib/scala-library-2.10.5.jar
     [classpath + loader.0] file:/home/kidpolos/Escritorio/neo4j-community-2.2.4/lib/server-api-2.2.4.jar
     [classpath + loader.0] file:/home/kidpolos/Escritorio/neo4j-community-2.2.4/lib/neo4j-cypher-compiler-2.0-2.0.4.jar
     [classpath + loader.0] file:/home/kidpolos/Escritorio/neo4j-community-2.2.4/lib/neo4j-graph-algo-2.2.4.jar
     [classpath + loader.0] file:/home/kidpolos/Escritorio/neo4j-community-2.2.4/lib/org.apache.servicemix.bundles.jline-0.9.94_1.jar
     [loader.1] file:/usr/lib/jvm/java-8-oracle/jre/lib/ext/sunpkcs11.jar
     [classpath + loader.0] file:/home/kidpolos/Escritorio/neo4j-community-2.2.4/lib/neo4j-cypher-2.2.4.jar
     [classpath + loader.0] file:/home/kidpolos/Escritorio/neo4j-community-2.2.4/lib/neo4j-cypher-compiler-1.9-2.0.4.jar
     [loader.1] file:/usr/lib/jvm/java-8-oracle/jre/lib/ext/nashorn.jar
     [loader.1] file:/usr/lib/jvm/java-8-oracle/jre/lib/ext/dnsns.jar
     [classpath + loader.0] file:/home/kidpolos/Escritorio/neo4j-community-2.2.4/lib/parboiled-scala_2.10-1.1.7.jar
     [classpath + loader.0] file:/home/kidpolos/Escritorio/neo4j-community-2.2.4/lib/concurrentlinkedhashmap-lru-1.4.jar
     [classpath + loader.0] file:/home/kidpolos/Escritorio/neo4j-community-2.2.4/lib/parboiled-core-1.1.7.jar
     [bootstrap] /usr/lib/jvm/java-8-oracle/jre/lib/sunrsasign.jar
     [bootstrap] /usr/lib/jvm/java-8-oracle/jre/lib/rt.jar
     [bootstrap] /usr/lib/jvm/java-8-oracle/jre/lib/resources.jar
     [classpath + loader.0] file:/home/kidpolos/Escritorio/mongo-java-driver-3.0.4-javadoc.jar
     [bootstrap] /usr/lib/jvm/java-8-oracle/jre/lib/jsse.jar
     [loader.0] file:/home/kidpolos/Escritorio/TABD%20Bases%20de%20datos/TABD-Generador-BDs/bin/
     [loader.1] file:/usr/lib/jvm/java-8-oracle/jre/lib/ext/localedata.jar
     [classpath + loader.0] file:/home/kidpolos/Escritorio/neo4j-community-2.2.4/lib/neo4j-lucene-index-2.2.4.jar
     [classpath + loader.0] file:/home/kidpolos/Escritorio/neo4j-community-2.2.4/lib/neo4j-import-tool-2.2.4.jar
     [loader.1] file:/usr/lib/jvm/java-8-oracle/jre/lib/ext/cldrdata.jar
     [classpath + loader.0] file:/home/kidpolos/Escritorio/mongo-java-driver-3.0.4.jar
     [classpath + loader.0] file:/home/kidpolos/Escritorio/mongo-java-driver-3.0.4-sources.jar
     [classpath + loader.0] file:/home/kidpolos/Escritorio/neo4j-community-2.2.4/lib/neo4j-kernel-2.2.4.jar
     [loader.1] file:/usr/lib/jvm/java-8-oracle/jre/lib/ext/sunec.jar
     [classpath + loader.0] file:/home/kidpolos/Escritorio/neo4j-community-2.2.4/lib/lucene-core-3.6.2.jar
2015-12-01 00:00:48.749+0000 INFO  [org.neo4j]: Library path:
    /home/kidpolos/torch/install/lib
    /home/kidpolos/Escritorio/TABD Bases de datos/TABD-Generador-BDs
    /usr/java/packages/lib/amd64
    /usr/lib64
    /lib64
    /lib
    /usr/lib
2015-12-01 00:00:48.750+0000 INFO  [org.neo4j]: System.properties:
    sun.boot.library.path = /usr/lib/jvm/java-8-oracle/jre/lib/amd64
    path.separator = :
    file.encoding.pkg = sun.io
    user.country = CL
    sun.java.launcher = SUN_STANDARD
    sun.os.patch.level = unknown
    user.dir = /home/kidpolos/Escritorio/TABD Bases de datos/TABD-Generador-BDs
    sun.jnu.encoding = UTF-8
    sun.management.compiler = HotSpot 64-Bit Tiered Compilers
    user.home = /home/kidpolos
    user.timezone = America/Santiago
    file.encoding = UTF-8
    user.name = kidpolos
    sun.java.command = main
    sun.arch.data.model = 64
    user.language = es
    awt.toolkit = sun.awt.X11.XToolkit
    file.separator = /
    sun.io.unicode.encoding = UnicodeLittle
    sun.cpu.endian = little
    sun.desktop = gnome
    sun.cpu.isalist = 
2015-12-01 00:00:48.752+0000 INFO  [org.neo4j]: Linux scheduler information:
    noop [deadline] cfq 
    noop [deadline] cfq 
    none
    none
    none
    none
    none
    none
    none
    none
    none
    none
    none
    none
    none
    none
    none
    none
    none
    none
    none
    none
    none
    none
    none
    none
2015-12-01 00:00:48.760+0000 INFO  [org.neo4j]: Network information:
    Interface docker0:
        address: 172.17.42.1
    Interface wlan0:
        address: fe80:0:0:0:aee0:10ff:fe21:40bb%wlan0
        address: fd61:f8ee:ad55:0:aee0:10ff:fe21:40bb%wlan0
        address: fd61:f8ee:ad55:0:40f7:45e6:cf:7db9%wlan0
        address: 192.168.1.117
    Interface lo:
        address: 0:0:0:0:0:0:0:1%lo
        address: 127.0.0.1
2015-12-01 00:00:52.821+0000 INFO  [org.neo4j]: No locking implementation specified, defaulting to 'community'
2015-12-01 00:00:53.014+0000 INFO  [org.neo4j]: --- INITIALIZED diagnostics START ---
2015-12-01 00:00:53.018+0000 INFO  [org.neo4j]: Neo4j Kernel properties:
    store_dir=grafo
    ephemeral=false
2015-12-01 00:00:53.029+0000 INFO  [org.neo4j]: Diagnostics providers:
    org.neo4j.kernel.configuration.Config
    org.neo4j.kernel.info.DiagnosticsManager
    SYSTEM_MEMORY
    JAVA_MEMORY
    OPERATING_SYSTEM
    JAVA_VIRTUAL_MACHINE
    CLASSPATH
    LIBRARY_PATH
    SYSTEM_PROPERTIES
    LINUX_SCHEDULERS
    NETWORK
2015-12-01 00:00:53.032+0000 INFO  [org.neo4j]: System memory information:
    Total Physical memory: 3,74 GB
    Free Physical memory: 161,56 MB
    Committed virtual memory: 3,12 GB
    Total swap space: 3,88 GB
    Free swap space: 3,82 GB
2015-12-01 00:00:53.042+0000 INFO  [org.neo4j]: JVM memory information:
    Free  memory: 42,02 MB
    Total memory: 72,50 MB
    Max   memory: 853,50 MB
    Garbage Collector: PS Scavenge: [PS Eden Space, PS Survivor Space]
    Garbage Collector: PS MarkSweep: [PS Eden Space, PS Survivor Space, PS Old Gen]
    Memory Pool: Code Cache (Non-heap memory): committed=3,13 MB, used=3,09 MB, max=240,00 MB, threshold=0,00 B
    Memory Pool: Metaspace (Non-heap memory): committed=11,38 MB, used=10,74 MB, max=-1,00 B, threshold=0,00 B
    Memory Pool: Compressed Class Space (Non-heap memory): committed=1,63 MB, used=1,41 MB, max=1,00 GB, threshold=0,00 B
    Memory Pool: PS Eden Space (Heap memory): committed=30,00 MB, used=20,26 MB, max=315,00 MB, threshold=?
    Memory Pool: PS Survivor Space (Heap memory): committed=2,50 MB, used=2,47 MB, max=2,50 MB, threshold=?
    Memory Pool: PS Old Gen (Heap memory): committed=40,00 MB, used=7,76 MB, max=640,00 MB, threshold=0,00 B
2015-12-01 00:00:53.061+0000 INFO  [org.neo4j]: Operating system information:
    Operating System: Linux; version: 3.19.0-32-generic; arch: amd64; cpus: 2
    Max number of file descriptors: 65536
    Number of open file descriptors: 46
    Process id: 6523@Sebastian-NTBK
    Byte order: LITTLE_ENDIAN
    Local timezone: America/Santiago
2015-12-01 00:00:53.063+0000 INFO  [org.neo4j]: JVM information:
    VM Name: Java HotSpot(TM) 64-Bit Server VM
    VM Vendor: Oracle Corporation
    VM Version: 25.45-b02
    JIT compiler: HotSpot 64-Bit Tiered Compilers
    VM Arguments: [-Dfile.encoding=UTF-8]
2015-12-01 00:00:53.066+0000 INFO  [org.neo4j]: Java classpath:
     [bootstrap] /usr/lib/jvm/java-8-oracle/jre/lib/charsets.jar
     [classpath + loader.0] file:/home/kidpolos/Escritorio/neo4j-community-2.2.4/lib/neo4j-unsafe-2.2.4.jar
     [classpath + loader.0] file:/home/kidpolos/Escritorio/neo4j-community-2.2.4/lib/opencsv-2.3.jar
     [loader.1] file:/usr/lib/jvm/java-8-oracle/jre/lib/ext/zipfs.jar
     [loader.1] file:/usr/lib/jvm/java-8-oracle/jre/lib/ext/jfxrt.jar
     [bootstrap] /usr/lib/jvm/java-8-oracle/jre/lib/jce.jar
     [classpath] /home/kidpolos/Escritorio/TABD Bases de datos/TABD-Generador-BDs/bin
     [loader.1] file:/usr/lib/jvm/java-8-oracle/jre/lib/ext/sunjce_provider.jar
     [classpath + loader.0] file:/home/kidpolos/Escritorio/neo4j-community-2.2.4/lib/neo4j-primitive-collections-2.2.4.jar
     [classpath + loader.0] file:/home/kidpolos/Escritorio/neo4j-community-2.2.4/lib/neo4j-graph-matching-2.2.4.jar
     [classpath + loader.0] file:/home/kidpolos/Escritorio/neo4j-community-2.2.4/lib/neo4j-udc-2.2.4.jar
     [classpath + loader.0] file:/home/kidpolos/Escritorio/neo4j-community-2.2.4/lib/neo4j-cypher-compiler-2.2-2.2.4.jar
     [classpath + loader.0] file:/home/kidpolos/Escritorio/neo4j-community-2.2.4/lib/neo4j-jmx-2.2.4.jar
     [classpath + loader.0] file:/home/kidpolos/Escritorio/neo4j-community-2.2.4/lib/neo4j-io-2.2.4.jar
     [bootstrap] /usr/lib/jvm/java-8-oracle/jre/classes
     [classpath + loader.0] file:/home/kidpolos/Escritorio/neo4j-community-2.2.4/lib/neo4j-consistency-check-2.2.4.jar
     [bootstrap] /usr/lib/jvm/java-8-oracle/jre/lib/jfr.jar
     [classpath + loader.0] file:/home/kidpolos/Escritorio/neo4j-community-2.2.4/lib/neo4j-csv-2.2.4.jar
     [classpath + loader.0] file:/home/kidpolos/Escritorio/neo4j-community-2.2.4/lib/neo4j-shell-2.2.4.jar
     [classpath + loader.0] file:/home/kidpolos/Escritorio/neo4j-community-2.2.4/lib/neo4j-cypher-compiler-2.1-2.1.8.jar
     [classpath + loader.0] file:/home/kidpolos/Escritorio/neo4j-community-2.2.4/lib/scala-library-2.10.5.jar
     [classpath + loader.0] file:/home/kidpolos/Escritorio/neo4j-community-2.2.4/lib/server-api-2.2.4.jar
     [classpath + loader.0] file:/home/kidpolos/Escritorio/neo4j-community-2.2.4/lib/neo4j-cypher-compiler-2.0-2.0.4.jar
     [classpath + loader.0] file:/home/kidpolos/Escritorio/neo4j-community-2.2.4/lib/neo4j-graph-algo-2.2.4.jar
     [classpath + loader.0] file:/home/kidpolos/Escritorio/neo4j-community-2.2.4/lib/org.apache.servicemix.bundles.jline-0.9.94_1.jar
     [loader.1] file:/usr/lib/jvm/java-8-oracle/jre/lib/ext/sunpkcs11.jar
     [classpath + loader.0] file:/home/kidpolos/Escritorio/neo4j-community-2.2.4/lib/neo4j-cypher-2.2.4.jar
     [classpath + loader.0] file:/home/kidpolos/Escritorio/neo4j-community-2.2.4/lib/neo4j-cypher-compiler-1.9-2.0.4.jar
     [loader.1] file:/usr/lib/jvm/java-8-oracle/jre/lib/ext/nashorn.jar
     [loader.1] file:/usr/lib/jvm/java-8-oracle/jre/lib/ext/dnsns.jar
     [classpath + loader.0] file:/home/kidpolos/Escritorio/neo4j-community-2.2.4/lib/parboiled-scala_2.10-1.1.7.jar
     [classpath + loader.0] file:/home/kidpolos/Escritorio/neo4j-community-2.2.4/lib/concurrentlinkedhashmap-lru-1.4.jar
     [classpath + loader.0] file:/home/kidpolos/Escritorio/neo4j-community-2.2.4/lib/parboiled-core-1.1.7.jar
     [bootstrap] /usr/lib/jvm/java-8-oracle/jre/lib/sunrsasign.jar
     [bootstrap] /usr/lib/jvm/java-8-oracle/jre/lib/rt.jar
     [bootstrap] /usr/lib/jvm/java-8-oracle/jre/lib/resources.jar
     [classpath + loader.0] file:/home/kidpolos/Escritorio/mongo-java-driver-3.0.4-javadoc.jar
     [bootstrap] /usr/lib/jvm/java-8-oracle/jre/lib/jsse.jar
     [loader.0] file:/home/kidpolos/Escritorio/TABD%20Bases%20de%20datos/TABD-Generador-BDs/bin/
     [loader.1] file:/usr/lib/jvm/java-8-oracle/jre/lib/ext/localedata.jar
     [classpath + loader.0] file:/home/kidpolos/Escritorio/neo4j-community-2.2.4/lib/neo4j-lucene-index-2.2.4.jar
     [classpath + loader.0] file:/home/kidpolos/Escritorio/neo4j-community-2.2.4/lib/neo4j-import-tool-2.2.4.jar
     [loader.1] file:/usr/lib/jvm/java-8-oracle/jre/lib/ext/cldrdata.jar
     [classpath + loader.0] file:/home/kidpolos/Escritorio/mongo-java-driver-3.0.4.jar
     [classpath + loader.0] file:/home/kidpolos/Escritorio/mongo-java-driver-3.0.4-sources.jar
     [classpath + loader.0] file:/home/kidpolos/Escritorio/neo4j-community-2.2.4/lib/neo4j-kernel-2.2.4.jar
     [loader.1] file:/usr/lib/jvm/java-8-oracle/jre/lib/ext/sunec.jar
     [classpath + loader.0] file:/home/kidpolos/Escritorio/neo4j-community-2.2.4/lib/lucene-core-3.6.2.jar
2015-12-01 00:00:53.113+0000 INFO  [org.neo4j]: Library path:
    /home/kidpolos/torch/install/lib
    /home/kidpolos/Escritorio/TABD Bases de datos/TABD-Generador-BDs
    /usr/java/packages/lib/amd64
    /usr/lib64
    /lib64
    /lib
    /usr/lib
2015-12-01 00:00:53.114+0000 INFO  [org.neo4j]: System.properties:
    sun.boot.library.path = /usr/lib/jvm/java-8-oracle/jre/lib/amd64
    path.separator = :
    file.encoding.pkg = sun.io
    user.country = CL
    sun.java.launcher = SUN_STANDARD
    sun.os.patch.level = unknown
    user.dir = /home/kidpolos/Escritorio/TABD Bases de datos/TABD-Generador-BDs
    sun.jnu.encoding = UTF-8
    sun.management.compiler = HotSpot 64-Bit Tiered Compilers
    user.home = /home/kidpolos
    user.timezone = America/Santiago
    file.encoding = UTF-8
    user.name = kidpolos
    sun.java.command = main
    sun.arch.data.model = 64
    user.language = es
    awt.toolkit = sun.awt.X11.XToolkit
    file.separator = /
    sun.io.unicode.encoding = UnicodeLittle
    sun.cpu.endian = little
    sun.desktop = gnome
    sun.cpu.isalist = 
2015-12-01 00:00:53.120+0000 INFO  [org.neo4j]: Linux scheduler information:
    noop [deadline] cfq 
    noop [deadline] cfq 
    none
    none
    none
    none
    none
    none
    none
    none
    none
    none
    none
    none
    none
    none
    none
    none
    none
    none
    none
    none
    none
    none
    none
    none
2015-12-01 00:00:53.140+0000 INFO  [org.neo4j]: Network information:
    Interface docker0:
        address: 172.17.42.1
    Interface wlan0:
        address: fe80:0:0:0:aee0:10ff:fe21:40bb%wlan0
        address: fd61:f8ee:ad55:0:aee0:10ff:fe21:40bb%wlan0
        address: fd61:f8ee:ad55:0:40f7:45e6:cf:7db9%wlan0
        address: 192.168.1.117
    Interface lo:
        address: 0:0:0:0:0:0:0:1%lo
        address: 127.0.0.1
2015-12-01 00:00:53.147+0000 INFO  [org.neo4j]: --- INITIALIZED diagnostics END ---
2015-12-01 00:00:53.509+0000 INFO  [org.neo4j]: Shutdown started
2015-12-01 00:00:53.511+0000 INFO  [org.neo4j]: --- SHUTDOWN diagnostics START ---
2015-12-01 00:00:53.511+0000 INFO  [org.neo4j]: --- SHUTDOWN diagnostics END ---
2015-12-01 00:00:48.763+0000 INFO  [org.neo4j]: --- INITIALIZED diagnostics END ---
2015-12-01 00:00:48.993+0000 INFO  [org.neo4j]: Creating new db @ grafo/neostore
2015-12-01 00:00:53.253+0000 INFO  [org.neo4j]: No lucene scan store index found, this might just be first use. Preparing to rebuild.
2015-12-01 00:00:53.330+0000 INFO  [org.neo4j]: No lucene scan store index found, this might just be first use. Preparing to rebuild.
2015-12-01 00:00:53.553+0000 INFO  [org.neo4j]: Opened logical log [grafo/neostore.transaction.db.0] version=0, lastTxId=1 (clean)
2015-12-01 00:00:53.567+0000 INFO  [org.neo4j]: Missing counts store, rebuilding it.
2015-12-01 00:00:53.712+0000 INFO  [org.neo4j]: Rebuilding lucene scan store, this may take a while
2015-12-01 00:00:53.715+0000 INFO  [org.neo4j]: Lucene scan store rebuilt (roughly -1 nodes)
2015-12-01 00:00:53.730+0000 INFO  [org.neo4j]: Kernel health set to OK
2015-12-01 00:00:54.983+0000 INFO  [org.neo4j]: --- STARTED diagnostics for KernelDiagnostics:Versions START ---
2015-12-01 00:00:54.983+0000 INFO  [org.neo4j]: Graph Database: org.neo4j.kernel.EmbeddedGraphDatabase StoreId{creationTime=1448928048993, randomId=6889320943239254676, storeVersion=14969031248344582, upgradeTime=1448928048993, upgradeId=1}
2015-12-01 00:00:54.984+0000 INFO  [org.neo4j]: Kernel version: Neo4j - Graph Database Kernel (neo4j-kernel), version: 2.2.4
2015-12-01 00:00:54.984+0000 INFO  [org.neo4j]: Neo4j component versions:
2015-12-01 00:00:54.999+0000 INFO  [org.neo4j]:   Neo4j - Cypher Compiler 1.9 (neo4j-cypher-compiler-1.9), version: 2.0.4; revision: 2.0.4:2.0-maint:130/4a7d10bc274a5d26a180bbe9df25100e8a694748
2015-12-01 00:00:54.999+0000 INFO  [org.neo4j]:   Neo4j - Consistency Checker (neo4j-consistency-check), version: 2.2.4; revision: 2.2.4:2.2:110/57edd480e2d0684ccdc602ad736c5da7812daa99-dirty
2015-12-01 00:00:54.999+0000 INFO  [org.neo4j]:   Neo4j - Cypher Compiler 2.2 (neo4j-cypher-compiler-2.2), version: 2.2.4; revision: 2.2.4:2.2:110/57edd480e2d0684ccdc602ad736c5da7812daa99-dirty
2015-12-01 00:00:54.999+0000 INFO  [org.neo4j]:   Neo4j - Import Command Line Tool (neo4j-import-tool), version: 2.2.4; revision: 2.2.4:2.2:110/57edd480e2d0684ccdc602ad736c5da7812daa99-dirty
2015-12-01 00:00:54.999+0000 INFO  [org.neo4j]:   Neo4j - Server API (server-api), version: 2.2.4; revision: 2.2.4:2.2:110/57edd480e2d0684ccdc602ad736c5da7812daa99-dirty
2015-12-01 00:00:54.999+0000 INFO  [org.neo4j]:   Neo4j - Graph Database Kernel (neo4j-kernel), version: 2.2.4; revision: 2.2.4:2.2:110/57edd480e2d0684ccdc602ad736c5da7812daa99-dirty
2015-12-01 00:00:55.000+0000 INFO  [org.neo4j]:   Neo4j - Cypher Compiler 2.1 (neo4j-cypher-compiler-2.1), version: 2.1.8; revision: 2.1.8:2.1-maint:687/5c83ce3a5ddf33259593f719153ce71a6fe89fc7
2015-12-01 00:00:55.000+0000 INFO  [org.neo4j]:   Neo4j - Generic shell (neo4j-shell), version: 2.2.4; revision: 2.2.4:2.2:110/57edd480e2d0684ccdc602ad736c5da7812daa99-dirty
2015-12-01 00:00:55.000+0000 INFO  [org.neo4j]:   neo4j-udc, version: 2.2.4; revision: 2.2.4:2.2:110/57edd480e2d0684ccdc602ad736c5da7812daa99-dirty
2015-12-01 00:00:55.000+0000 INFO  [org.neo4j]:   Neo4j - Lucene Index (neo4j-lucene-index), version: 2.2.4; revision: 2.2.4:2.2:110/57edd480e2d0684ccdc602ad736c5da7812daa99-dirty
2015-12-01 00:00:55.000+0000 INFO  [org.neo4j]:   Neo4j - Cypher Compiler 2.0 (neo4j-cypher-compiler-2.0), version: 2.0.4; revision: 2.0.4:2.0-maint:130/4a7d10bc274a5d26a180bbe9df25100e8a694748
2015-12-01 00:00:55.000+0000 INFO  [org.neo4j]:   Neo4j - Graph Matching (neo4j-graph-matching), version: 2.2.4; revision: 2.2.4:2.2:110/57edd480e2d0684ccdc602ad736c5da7812daa99-dirty
2015-12-01 00:00:55.001+0000 INFO  [org.neo4j]:   Neo4j - JMX support (neo4j-jmx), version: 2.2.4; revision: 2.2.4:2.2:110/57edd480e2d0684ccdc602ad736c5da7812daa99-dirty
2015-12-01 00:00:55.001+0000 INFO  [org.neo4j]:   Neo4j - Cypher (neo4j-cypher), version: 2.2.4; revision: 2.2.4:2.2:110/57edd480e2d0684ccdc602ad736c5da7812daa99-dirty
2015-12-01 00:00:55.001+0000 INFO  [org.neo4j]:   Neo4j - Graph Algorithms (neo4j-graph-algo), version: 2.2.4; revision: 2.2.4:2.2:110/57edd480e2d0684ccdc602ad736c5da7812daa99-dirty
2015-12-01 00:00:55.001+0000 INFO  [org.neo4j]: --- STARTED diagnostics for KernelDiagnostics:Versions END ---
2015-12-01 00:00:55.005+0000 INFO  [org.neo4j]: --- STARTED diagnostics for NEO_STORE_VERSIONS START ---
2015-12-01 00:00:55.006+0000 INFO  [org.neo4j]: Store versions:
    Store versions:
      NeoStore v0.A.5
      SchemaStore v0.A.5
      NodeStore v0.A.5
      RelationshipStore v0.A.5
      RelationshipTypeStore v0.A.5
      LabelTokenStore v0.A.5
      PropertyStore v0.A.5
      PropertyIndexStore v0.A.5
      StringPropertyStore v0.A.5
      ArrayPropertyStore v0.A.5
      RelationshipGroupStore v0.A.5
2015-12-01 00:00:55.007+0000 INFO  [org.neo4j]: --- STARTED diagnostics for NEO_STORE_VERSIONS END ---
2015-12-01 00:00:55.007+0000 INFO  [org.neo4j]: --- STARTED diagnostics for NEO_STORE_ID_USAGE START ---
2015-12-01 00:00:55.008+0000 INFO  [org.neo4j]: Id usage:
    Id usage:
      SchemaStore: used=1 high=0
      NodeStore: used=0 high=-1
      RelationshipStore: used=0 high=-1
      RelationshipTypeStore: used=0 high=-1
      LabelTokenStore: used=0 high=-1
      PropertyStore: used=0 high=-1
      PropertyIndexStore: used=0 high=-1
      StringPropertyStore: used=1 high=0
      ArrayPropertyStore: used=1 high=0
      RelationshipGroupStore: used=1 high=0
2015-12-01 00:00:55.010+0000 INFO  [org.neo4j]: --- STARTED diagnostics for NEO_STORE_ID_USAGE END ---
2015-12-01 00:00:55.011+0000 INFO  [org.neo4j]: --- STARTED diagnostics for KernelDiagnostics:StoreFiles START ---
2015-12-01 00:00:55.011+0000 INFO  [org.neo4j]: Disk space on partition (Total / Free / Free %): 487490379776 / 454062268416 / 93
Storage files: (filename : modification date - size)
      index:
      - Total: 2015-11-30T21:00:48-0300 - 0,00 B
      lock: 2015-11-30T21:00:52-0300 - 0,00 B
      messages.log: 2015-11-30T21:00:55-0300 - 23,08 kB
      neostore: 2015-11-30T21:00:52-0300 - 99,00 B
      neostore.counts.db.a: 2015-11-30T21:00:53-0300 - 114,00 B
      neostore.id: 2015-11-30T21:00:52-0300 - 9,00 B
      neostore.labeltokenstore.db: 2015-11-30T21:00:52-0300 - 0,00 B
      neostore.labeltokenstore.db.id: 2015-11-30T21:00:52-0300 - 9,00 B
      neostore.labeltokenstore.db.names: 2015-11-30T21:00:52-0300 - 38,00 B
      neostore.labeltokenstore.db.names.id: 2015-11-30T21:00:52-0300 - 9,00 B
      neostore.nodestore.db: 2015-11-30T21:00:52-0300 - 0,00 B
      neostore.nodestore.db.id: 2015-11-30T21:00:52-0300 - 9,00 B
      neostore.nodestore.db.labels: 2015-11-30T21:00:52-0300 - 68,00 B
      neostore.nodestore.db.labels.id: 2015-11-30T21:00:52-0300 - 9,00 B
      neostore.propertystore.db: 2015-11-30T21:00:52-0300 - 0,00 B
      neostore.propertystore.db.arrays: 2015-11-30T21:00:52-0300 - 128,00 B
      neostore.propertystore.db.arrays.id: 2015-11-30T21:00:52-0300 - 9,00 B
      neostore.propertystore.db.id: 2015-11-30T21:00:52-0300 - 9,00 B
      neostore.propertystore.db.index: 2015-11-30T21:00:52-0300 - 0,00 B
      neostore.propertystore.db.index.id: 2015-11-30T21:00:52-0300 - 9,00 B
      neostore.propertystore.db.index.keys: 2015-11-30T21:00:52-0300 - 38,00 B
      neostore.propertystore.db.index.keys.id: 2015-11-30T21:00:52-0300 - 9,00 B
      neostore.propertystore.db.strings: 2015-11-30T21:00:52-0300 - 128,00 B
      neostore.propertystore.db.strings.id: 2015-11-30T21:00:52-0300 - 9,00 B
      neostore.relationshipgroupstore.db: 2015-11-30T21:00:52-0300 - 25,00 B
      neostore.relationshipgroupstore.db.id: 2015-11-30T21:00:52-0300 - 9,00 B
      neostore.relationshipstore.db: 2015-11-30T21:00:52-0300 - 0,00 B
      neostore.relationshipstore.db.id: 2015-11-30T21:00:52-0300 - 9,00 B
      neostore.relationshiptypestore.db: 2015-11-30T21:00:52-0300 - 0,00 B
      neostore.relationshiptypestore.db.id: 2015-11-30T21:00:52-0300 - 9,00 B
      neostore.relationshiptypestore.db.names: 2015-11-30T21:00:52-0300 - 38,00 B
      neostore.relationshiptypestore.db.names.id: 2015-11-30T21:00:52-0300 - 9,00 B
      neostore.schemastore.db: 2015-11-30T21:00:52-0300 - 64,00 B
      neostore.schemastore.db.id: 2015-11-30T21:00:52-0300 - 9,00 B
      neostore.transaction.db.0: 2015-11-30T21:00:53-0300 - 16,00 B
      schema:
        label:
          lucene:
            write.lock: 2015-11-30T21:00:53-0300 - 0,00 B
          - Total: 2015-11-30T21:00:53-0300 - 0,00 B
        - Total: 2015-11-30T21:00:53-0300 - 0,00 B
      - Total: 2015-11-30T21:00:53-0300 - 0,00 B
      store_lock: 2015-11-30T21:00:48-0300 - 0,00 B
2015-12-01 00:00:55.031+0000 INFO  [org.neo4j]: --- STARTED diagnostics for KernelDiagnostics:StoreFiles END ---
2015-12-01 00:00:55.153+0000 INFO  [org.neo4j]: Database is now ready
2015-12-01 00:00:56.578+0000 INFO  [org.neo4j]: Shutdown started
2015-12-01 00:00:56.580+0000 INFO  [org.neo4j]: Database is now unavailable
2015-12-01 00:00:56.700+0000 INFO  [org.neo4j]: About to rotate counts store at transaction 5 to [grafo/neostore.counts.db.b], from [grafo/neostore.counts.db.a].
2015-12-01 00:00:56.703+0000 INFO  [org.neo4j]: Successfully rotated counts store at transaction 5 to [grafo/neostore.counts.db.b], from [grafo/neostore.counts.db.a].
2015-12-01 00:00:58.428+0000 INFO  [org.neo4j]: NeoStore closed
2015-12-01 00:00:58.428+0000 INFO  [org.neo4j]: --- STOPPING diagnostics START ---
2015-12-01 00:00:58.429+0000 INFO  [org.neo4j]: --- STOPPING diagnostics END ---
2015-12-01 00:04:45.081+0000 INFO  [org.neo4j]: No locking implementation specified, defaulting to 'community'
2015-12-01 00:04:45.278+0000 INFO  [org.neo4j]: --- INITIALIZED diagnostics START ---
2015-12-01 00:04:45.281+0000 INFO  [org.neo4j]: Neo4j Kernel properties:
    store_dir=grafos
    allow_store_upgrade=true
    ephemeral=false
2015-12-01 00:04:45.291+0000 INFO  [org.neo4j]: Diagnostics providers:
    org.neo4j.kernel.configuration.Config
    org.neo4j.kernel.info.DiagnosticsManager
    SYSTEM_MEMORY
    JAVA_MEMORY
    OPERATING_SYSTEM
    JAVA_VIRTUAL_MACHINE
    CLASSPATH
    LIBRARY_PATH
    SYSTEM_PROPERTIES
    LINUX_SCHEDULERS
    NETWORK
2015-12-01 00:04:45.293+0000 INFO  [org.neo4j]: System memory information:
    Total Physical memory: 3,74 GB
    Free Physical memory: 174,30 MB
    Committed virtual memory: 3,25 GB
    Total swap space: 3,88 GB
    Free swap space: 3,82 GB
2015-12-01 00:04:45.299+0000 INFO  [org.neo4j]: JVM memory information:
    Free  memory: 30,84 MB
    Total memory: 57,50 MB
    Max   memory: 853,50 MB
    Garbage Collector: PS Scavenge: [PS Eden Space, PS Survivor Space]
    Garbage Collector: PS MarkSweep: [PS Eden Space, PS Survivor Space, PS Old Gen]
    Memory Pool: Code Cache (Non-heap memory): committed=3,00 MB, used=2,96 MB, max=240,00 MB, threshold=0,00 B
    Memory Pool: Metaspace (Non-heap memory): committed=11,00 MB, used=10,61 MB, max=-1,00 B, threshold=0,00 B
    Memory Pool: Compressed Class Space (Non-heap memory): committed=1,50 MB, used=1,39 MB, max=1,00 GB, threshold=0,00 B
    Memory Pool: PS Eden Space (Heap memory): committed=15,00 MB, used=1,85 MB, max=315,00 MB, threshold=?
    Memory Pool: PS Survivor Space (Heap memory): committed=2,50 MB, used=2,50 MB, max=2,50 MB, threshold=?
    Memory Pool: PS Old Gen (Heap memory): committed=40,00 MB, used=22,31 MB, max=640,00 MB, threshold=0,00 B
2015-12-01 00:04:45.317+0000 INFO  [org.neo4j]: Operating system information:
    Operating System: Linux; version: 3.19.0-32-generic; arch: amd64; cpus: 2
    Max number of file descriptors: 65536
    Number of open file descriptors: 46
    Process id: 6598@Sebastian-NTBK
    Byte order: LITTLE_ENDIAN
    Local timezone: America/Santiago
2015-12-01 00:04:45.322+0000 INFO  [org.neo4j]: JVM information:
    VM Name: Java HotSpot(TM) 64-Bit Server VM
    VM Vendor: Oracle Corporation
    VM Version: 25.45-b02
    JIT compiler: HotSpot 64-Bit Tiered Compilers
    VM Arguments: [-Dfile.encoding=UTF-8]
2015-12-01 00:04:45.323+0000 INFO  [org.neo4j]: Java classpath:
     [bootstrap] /usr/lib/jvm/java-8-oracle/jre/lib/charsets.jar
     [classpath + loader.0] file:/home/kidpolos/Escritorio/neo4j-community-2.2.4/lib/neo4j-unsafe-2.2.4.jar
     [classpath + loader.0] file:/home/kidpolos/Escritorio/neo4j-community-2.2.4/lib/opencsv-2.3.jar
     [loader.1] file:/usr/lib/jvm/java-8-oracle/jre/lib/ext/zipfs.jar
     [loader.1] file:/usr/lib/jvm/java-8-oracle/jre/lib/ext/jfxrt.jar
     [bootstrap] /usr/lib/jvm/java-8-oracle/jre/lib/jce.jar
     [loader.1] file:/usr/lib/jvm/java-8-oracle/jre/lib/ext/sunjce_provider.jar
     [classpath + loader.0] file:/home/kidpolos/Escritorio/neo4j-community-2.2.4/lib/neo4j-primitive-collections-2.2.4.jar
     [classpath + loader.0] file:/home/kidpolos/Escritorio/neo4j-community-2.2.4/lib/neo4j-graph-matching-2.2.4.jar
     [classpath + loader.0] file:/home/kidpolos/Escritorio/neo4j-community-2.2.4/lib/neo4j-udc-2.2.4.jar
     [classpath + loader.0] file:/home/kidpolos/Escritorio/neo4j-community-2.2.4/lib/neo4j-cypher-compiler-2.2-2.2.4.jar
     [classpath + loader.0] file:/home/kidpolos/Escritorio/neo4j-community-2.2.4/lib/neo4j-jmx-2.2.4.jar
     [classpath + loader.0] file:/home/kidpolos/Escritorio/neo4j-community-2.2.4/lib/neo4j-io-2.2.4.jar
     [bootstrap] /usr/lib/jvm/java-8-oracle/jre/classes
     [classpath + loader.0] file:/home/kidpolos/Escritorio/neo4j-community-2.2.4/lib/neo4j-consistency-check-2.2.4.jar
     [bootstrap] /usr/lib/jvm/java-8-oracle/jre/lib/jfr.jar
     [classpath + loader.0] file:/home/kidpolos/workspace/TABD-Final-Proyect/bin/
     [classpath + loader.0] file:/home/kidpolos/Escritorio/neo4j-community-2.2.4/lib/neo4j-csv-2.2.4.jar
     [classpath + loader.0] file:/home/kidpolos/Escritorio/neo4j-community-2.2.4/lib/neo4j-shell-2.2.4.jar
     [classpath + loader.0] file:/home/kidpolos/Escritorio/neo4j-community-2.2.4/lib/neo4j-cypher-compiler-2.1-2.1.8.jar
     [classpath + loader.0] file:/home/kidpolos/Escritorio/neo4j-community-2.2.4/lib/scala-library-2.10.5.jar
     [classpath + loader.0] file:/home/kidpolos/Escritorio/neo4j-community-2.2.4/lib/server-api-2.2.4.jar
     [classpath + loader.0] file:/home/kidpolos/Escritorio/neo4j-community-2.2.4/lib/neo4j-cypher-compiler-2.0-2.0.4.jar
     [classpath + loader.0] file:/home/kidpolos/Escritorio/neo4j-community-2.2.4/lib/neo4j-graph-algo-2.2.4.jar
     [classpath + loader.0] file:/home/kidpolos/Escritorio/neo4j-community-2.2.4/lib/org.apache.servicemix.bundles.jline-0.9.94_1.jar
     [loader.1] file:/usr/lib/jvm/java-8-oracle/jre/lib/ext/sunpkcs11.jar
     [classpath + loader.0] file:/home/kidpolos/Escritorio/neo4j-community-2.2.4/lib/neo4j-cypher-2.2.4.jar
     [classpath + loader.0] file:/home/kidpolos/Escritorio/neo4j-community-2.2.4/lib/neo4j-cypher-compiler-1.9-2.0.4.jar
     [loader.1] file:/usr/lib/jvm/java-8-oracle/jre/lib/ext/nashorn.jar
     [loader.1] file:/usr/lib/jvm/java-8-oracle/jre/lib/ext/dnsns.jar
     [classpath + loader.0] file:/home/kidpolos/Escritorio/neo4j-community-2.2.4/lib/parboiled-scala_2.10-1.1.7.jar
     [classpath + loader.0] file:/home/kidpolos/Escritorio/neo4j-community-2.2.4/lib/concurrentlinkedhashmap-lru-1.4.jar
     [classpath + loader.0] file:/home/kidpolos/Escritorio/neo4j-community-2.2.4/lib/parboiled-core-1.1.7.jar
     [bootstrap] /usr/lib/jvm/java-8-oracle/jre/lib/sunrsasign.jar
     [bootstrap] /usr/lib/jvm/java-8-oracle/jre/lib/rt.jar
     [bootstrap] /usr/lib/jvm/java-8-oracle/jre/lib/resources.jar
     [classpath + loader.0] file:/home/kidpolos/Escritorio/mongo-java-driver-3.0.4-javadoc.jar
     [bootstrap] /usr/lib/jvm/java-8-oracle/jre/lib/jsse.jar
     [loader.1] file:/usr/lib/jvm/java-8-oracle/jre/lib/ext/localedata.jar
     [classpath + loader.0] file:/home/kidpolos/Escritorio/neo4j-community-2.2.4/lib/neo4j-lucene-index-2.2.4.jar
     [classpath + loader.0] file:/home/kidpolos/Escritorio/neo4j-community-2.2.4/lib/neo4j-import-tool-2.2.4.jar
     [loader.1] file:/usr/lib/jvm/java-8-oracle/jre/lib/ext/cldrdata.jar
     [classpath + loader.0] file:/home/kidpolos/Escritorio/mongo-java-driver-3.0.4.jar
     [classpath + loader.0] file:/home/kidpolos/Escritorio/mongo-java-driver-3.0.4-sources.jar
     [classpath + loader.0] file:/home/kidpolos/Escritorio/neo4j-community-2.2.4/lib/neo4j-kernel-2.2.4.jar
     [loader.1] file:/usr/lib/jvm/java-8-oracle/jre/lib/ext/sunec.jar
     [classpath + loader.0] file:/home/kidpolos/Escritorio/neo4j-community-2.2.4/lib/lucene-core-3.6.2.jar
2015-12-01 00:04:45.352+0000 INFO  [org.neo4j]: Library path:
    /home/kidpolos/torch/install/lib
    /home/kidpolos/workspace/TABD-Final-Proyect
    /usr/java/packages/lib/amd64
    /usr/lib64
    /lib64
    /lib
    /usr/lib
2015-12-01 00:04:45.353+0000 INFO  [org.neo4j]: System.properties:
    sun.boot.library.path = /usr/lib/jvm/java-8-oracle/jre/lib/amd64
    path.separator = :
    file.encoding.pkg = sun.io
    user.country = CL
    sun.java.launcher = SUN_STANDARD
    sun.os.patch.level = unknown
    user.dir = /home/kidpolos/workspace/TABD-Final-Proyect
    sun.jnu.encoding = UTF-8
    sun.management.compiler = HotSpot 64-Bit Tiered Compilers
    user.home = /home/kidpolos
    user.timezone = America/Santiago
    file.encoding = UTF-8
    user.name = kidpolos
    sun.java.command = main
    sun.arch.data.model = 64
    user.language = es
    awt.toolkit = sun.awt.X11.XToolkit
    file.separator = /
    sun.io.unicode.encoding = UnicodeLittle
    sun.cpu.endian = little
    sun.desktop = gnome
    sun.cpu.isalist = 
2015-12-01 00:04:45.359+0000 INFO  [org.neo4j]: Linux scheduler information:
    noop [deadline] cfq 
    noop [deadline] cfq 
    none
    none
    none
    none
    none
    none
    none
    none
    none
    none
    none
    none
    none
    none
    none
    none
    none
    none
    none
    none
    none
    none
    none
    none
2015-12-01 00:04:45.380+0000 INFO  [org.neo4j]: Network information:
    Interface docker0:
        address: 172.17.42.1
    Interface wlan0:
        address: fe80:0:0:0:aee0:10ff:fe21:40bb%wlan0
        address: fd61:f8ee:ad55:0:aee0:10ff:fe21:40bb%wlan0
        address: fd61:f8ee:ad55:0:40f7:45e6:cf:7db9%wlan0
        address: 192.168.1.117
    Interface lo:
        address: 0:0:0:0:0:0:0:1%lo
        address: 127.0.0.1
2015-12-01 00:04:45.383+0000 INFO  [org.neo4j]: --- INITIALIZED diagnostics END ---
2015-12-01 00:04:46.285+0000 INFO  [org.neo4j]: Opened logical log [grafos/neostore.transaction.db.1] version=1, lastTxId=5 (clean)
2015-12-01 00:04:46.308+0000 INFO  [org.neo4j]: Kernel health set to OK
2015-12-01 00:04:47.625+0000 INFO  [org.neo4j]: --- STARTED diagnostics for KernelDiagnostics:Versions START ---
2015-12-01 00:04:47.625+0000 INFO  [org.neo4j]: Graph Database: org.neo4j.kernel.EmbeddedGraphDatabase StoreId{creationTime=1448928048993, randomId=6889320943239254676, storeVersion=14969031248344582, upgradeTime=1448928048993, upgradeId=1}
2015-12-01 00:04:47.626+0000 INFO  [org.neo4j]: Kernel version: Neo4j - Graph Database Kernel (neo4j-kernel), version: 2.2.4
2015-12-01 00:04:47.626+0000 INFO  [org.neo4j]: Neo4j component versions:
2015-12-01 00:04:47.640+0000 INFO  [org.neo4j]:   Neo4j - Cypher Compiler 1.9 (neo4j-cypher-compiler-1.9), version: 2.0.4; revision: 2.0.4:2.0-maint:130/4a7d10bc274a5d26a180bbe9df25100e8a694748
2015-12-01 00:04:47.640+0000 INFO  [org.neo4j]:   Neo4j - Consistency Checker (neo4j-consistency-check), version: 2.2.4; revision: 2.2.4:2.2:110/57edd480e2d0684ccdc602ad736c5da7812daa99-dirty
2015-12-01 00:04:47.641+0000 INFO  [org.neo4j]:   Neo4j - Cypher Compiler 2.2 (neo4j-cypher-compiler-2.2), version: 2.2.4; revision: 2.2.4:2.2:110/57edd480e2d0684ccdc602ad736c5da7812daa99-dirty
2015-12-01 00:04:47.641+0000 INFO  [org.neo4j]:   Neo4j - Import Command Line Tool (neo4j-import-tool), version: 2.2.4; revision: 2.2.4:2.2:110/57edd480e2d0684ccdc602ad736c5da7812daa99-dirty
2015-12-01 00:04:47.641+0000 INFO  [org.neo4j]:   Neo4j - Server API (server-api), version: 2.2.4; revision: 2.2.4:2.2:110/57edd480e2d0684ccdc602ad736c5da7812daa99-dirty
2015-12-01 00:04:47.641+0000 INFO  [org.neo4j]:   Neo4j - Graph Database Kernel (neo4j-kernel), version: 2.2.4; revision: 2.2.4:2.2:110/57edd480e2d0684ccdc602ad736c5da7812daa99-dirty
2015-12-01 00:04:47.641+0000 INFO  [org.neo4j]:   Neo4j - Cypher Compiler 2.1 (neo4j-cypher-compiler-2.1), version: 2.1.8; revision: 2.1.8:2.1-maint:687/5c83ce3a5ddf33259593f719153ce71a6fe89fc7
2015-12-01 00:04:47.641+0000 INFO  [org.neo4j]:   Neo4j - Generic shell (neo4j-shell), version: 2.2.4; revision: 2.2.4:2.2:110/57edd480e2d0684ccdc602ad736c5da7812daa99-dirty
2015-12-01 00:04:47.642+0000 INFO  [org.neo4j]:   neo4j-udc, version: 2.2.4; revision: 2.2.4:2.2:110/57edd480e2d0684ccdc602ad736c5da7812daa99-dirty
2015-12-01 00:04:47.642+0000 INFO  [org.neo4j]:   Neo4j - Lucene Index (neo4j-lucene-index), version: 2.2.4; revision: 2.2.4:2.2:110/57edd480e2d0684ccdc602ad736c5da7812daa99-dirty
2015-12-01 00:04:47.642+0000 INFO  [org.neo4j]:   Neo4j - Cypher Compiler 2.0 (neo4j-cypher-compiler-2.0), version: 2.0.4; revision: 2.0.4:2.0-maint:130/4a7d10bc274a5d26a180bbe9df25100e8a694748
2015-12-01 00:04:47.642+0000 INFO  [org.neo4j]:   Neo4j - Graph Matching (neo4j-graph-matching), version: 2.2.4; revision: 2.2.4:2.2:110/57edd480e2d0684ccdc602ad736c5da7812daa99-dirty
2015-12-01 00:04:47.642+0000 INFO  [org.neo4j]:   Neo4j - JMX support (neo4j-jmx), version: 2.2.4; revision: 2.2.4:2.2:110/57edd480e2d0684ccdc602ad736c5da7812daa99-dirty
2015-12-01 00:04:47.642+0000 INFO  [org.neo4j]:   Neo4j - Cypher (neo4j-cypher), version: 2.2.4; revision: 2.2.4:2.2:110/57edd480e2d0684ccdc602ad736c5da7812daa99-dirty
2015-12-01 00:04:47.642+0000 INFO  [org.neo4j]:   Neo4j - Graph Algorithms (neo4j-graph-algo), version: 2.2.4; revision: 2.2.4:2.2:110/57edd480e2d0684ccdc602ad736c5da7812daa99-dirty
2015-12-01 00:04:47.643+0000 INFO  [org.neo4j]: --- STARTED diagnostics for KernelDiagnostics:Versions END ---
2015-12-01 00:04:47.647+0000 INFO  [org.neo4j]: --- STARTED diagnostics for NEO_STORE_VERSIONS START ---
2015-12-01 00:04:47.648+0000 INFO  [org.neo4j]: Store versions:
    Store versions:
      NeoStore v0.A.5
      SchemaStore v0.A.5
      NodeStore v0.A.5
      RelationshipStore v0.A.5
      RelationshipTypeStore v0.A.5
      LabelTokenStore v0.A.5
      PropertyStore v0.A.5
      PropertyIndexStore v0.A.5
      StringPropertyStore v0.A.5
      ArrayPropertyStore v0.A.5
      RelationshipGroupStore v0.A.5
2015-12-01 00:04:47.649+0000 INFO  [org.neo4j]: --- STARTED diagnostics for NEO_STORE_VERSIONS END ---
2015-12-01 00:04:47.649+0000 INFO  [org.neo4j]: --- STARTED diagnostics for NEO_STORE_ID_USAGE START ---
2015-12-01 00:04:47.649+0000 INFO  [org.neo4j]: Id usage:
    Id usage:
      SchemaStore: used=1 high=0
      NodeStore: used=31 high=30
      RelationshipStore: used=178 high=177
      RelationshipTypeStore: used=2 high=1
      LabelTokenStore: used=0 high=-1
      PropertyStore: used=31 high=30
      PropertyIndexStore: used=1 high=0
      StringPropertyStore: used=1 high=0
      ArrayPropertyStore: used=1 high=0
      RelationshipGroupStore: used=1 high=0
2015-12-01 00:04:47.651+0000 INFO  [org.neo4j]: --- STARTED diagnostics for NEO_STORE_ID_USAGE END ---
2015-12-01 00:04:47.652+0000 INFO  [org.neo4j]: --- STARTED diagnostics for KernelDiagnostics:StoreFiles START ---
2015-12-01 00:04:47.653+0000 INFO  [org.neo4j]: Disk space on partition (Total / Free / Free %): 487490379776 / 453978038272 / 93
Storage files: (filename : modification date - size)
      index:
      - Total: 2015-11-30T21:00:48-0300 - 0,00 B
      lock: 2015-11-30T21:04:45-0300 - 0,00 B
      messages.log: 2015-11-30T21:04:47-0300 - 40,39 kB
      neostore: 2015-11-30T21:04:45-0300 - 99,00 B
      neostore.counts.db.a: 2015-11-30T21:00:53-0300 - 114,00 B
      neostore.counts.db.b: 2015-11-30T21:00:56-0300 - 242,00 B
      neostore.id: 2015-11-30T21:04:45-0300 - 9,00 B
      neostore.labeltokenstore.db: 2015-11-30T21:04:45-0300 - 0,00 B
      neostore.labeltokenstore.db.id: 2015-11-30T21:04:45-0300 - 9,00 B
      neostore.labeltokenstore.db.names: 2015-11-30T21:04:45-0300 - 38,00 B
      neostore.labeltokenstore.db.names.id: 2015-11-30T21:04:45-0300 - 9,00 B
      neostore.nodestore.db: 2015-11-30T21:04:45-0300 - 465,00 B
      neostore.nodestore.db.id: 2015-11-30T21:04:45-0300 - 9,00 B
      neostore.nodestore.db.labels: 2015-11-30T21:04:45-0300 - 68,00 B
      neostore.nodestore.db.labels.id: 2015-11-30T21:04:45-0300 - 9,00 B
      neostore.propertystore.db: 2015-11-30T21:04:45-0300 - 1,24 kB
      neostore.propertystore.db.arrays: 2015-11-30T21:04:45-0300 - 128,00 B
      neostore.propertystore.db.arrays.id: 2015-11-30T21:04:45-0300 - 9,00 B
      neostore.propertystore.db.id: 2015-11-30T21:04:45-0300 - 9,00 B
      neostore.propertystore.db.index: 2015-11-30T21:04:45-0300 - 9,00 B
      neostore.propertystore.db.index.id: 2015-11-30T21:04:45-0300 - 9,00 B
      neostore.propertystore.db.index.keys: 2015-11-30T21:04:45-0300 - 76,00 B
      neostore.propertystore.db.index.keys.id: 2015-11-30T21:04:45-0300 - 9,00 B
      neostore.propertystore.db.strings: 2015-11-30T21:04:45-0300 - 128,00 B
      neostore.propertystore.db.strings.id: 2015-11-30T21:04:45-0300 - 9,00 B
      neostore.relationshipgroupstore.db: 2015-11-30T21:04:45-0300 - 25,00 B
      neostore.relationshipgroupstore.db.id: 2015-11-30T21:04:45-0300 - 9,00 B
      neostore.relationshipstore.db: 2015-11-30T21:04:45-0300 - 5,91 kB
      neostore.relationshipstore.db.id: 2015-11-30T21:04:45-0300 - 9,00 B
      neostore.relationshiptypestore.db: 2015-11-30T21:04:45-0300 - 10,00 B
      neostore.relationshiptypestore.db.id: 2015-11-30T21:04:45-0300 - 9,00 B
      neostore.relationshiptypestore.db.names: 2015-11-30T21:04:45-0300 - 114,00 B
      neostore.relationshiptypestore.db.names.id: 2015-11-30T21:04:45-0300 - 9,00 B
      neostore.schemastore.db: 2015-11-30T21:04:45-0300 - 64,00 B
      neostore.schemastore.db.id: 2015-11-30T21:04:45-0300 - 9,00 B
      neostore.transaction.db.0: 2015-11-30T21:00:56-0300 - 17,08 kB
      neostore.transaction.db.1: 2015-11-30T21:04:46-0300 - 16,00 B
      schema:
        label:
          lucene:
            segments.gen: 2015-11-30T21:00:56-0300 - 20,00 B
            segments_1: 2015-11-30T21:00:56-0300 - 32,00 B
            write.lock: 2015-11-30T21:04:46-0300 - 0,00 B
          - Total: 2015-11-30T21:04:46-0300 - 52,00 B
        - Total: 2015-11-30T21:00:53-0300 - 52,00 B
      - Total: 2015-11-30T21:00:53-0300 - 52,00 B
      store_lock: 2015-11-30T21:00:48-0300 - 0,00 B
2015-12-01 00:04:47.676+0000 INFO  [org.neo4j]: --- STARTED diagnostics for KernelDiagnostics:StoreFiles END ---
2015-12-01 00:04:47.782+0000 INFO  [org.neo4j]: Database is now ready
2015-12-01 00:04:52.899+0000 INFO  [org.neo4j]: Shutdown started
2015-12-01 00:04:52.901+0000 INFO  [org.neo4j]: Database is now unavailable
2015-12-01 00:04:52.915+0000 INFO  [org.neo4j]: About to rotate counts store at transaction 6 to [grafos/neostore.counts.db.a], from [grafos/neostore.counts.db.b].
2015-12-01 00:04:52.926+0000 INFO  [org.neo4j]: Successfully rotated counts store at transaction 6 to [grafos/neostore.counts.db.a], from [grafos/neostore.counts.db.b].
2015-12-01 00:04:54.144+0000 INFO  [org.neo4j]: NeoStore closed
2015-12-01 00:04:54.145+0000 INFO  [org.neo4j]: --- STOPPING diagnostics START ---
2015-12-01 00:04:54.146+0000 INFO  [org.neo4j]: --- STOPPING diagnostics END ---
2015-12-01 00:06:14.144+0000 INFO  [org.neo4j]: No locking implementation specified, defaulting to 'community'
2015-12-01 00:06:14.334+0000 INFO  [org.neo4j]: --- INITIALIZED diagnostics START ---
2015-12-01 00:06:14.338+0000 INFO  [org.neo4j]: Neo4j Kernel properties:
    store_dir=grafos
    allow_store_upgrade=true
    ephemeral=false
2015-12-01 00:06:14.349+0000 INFO  [org.neo4j]: Diagnostics providers:
    org.neo4j.kernel.configuration.Config
    org.neo4j.kernel.info.DiagnosticsManager
    SYSTEM_MEMORY
    JAVA_MEMORY
    OPERATING_SYSTEM
    JAVA_VIRTUAL_MACHINE
    CLASSPATH
    LIBRARY_PATH
    SYSTEM_PROPERTIES
    LINUX_SCHEDULERS
    NETWORK
2015-12-01 00:06:14.350+0000 INFO  [org.neo4j]: System memory information:
    Total Physical memory: 3,74 GB
    Free Physical memory: 487,51 MB
    Committed virtual memory: 3,25 GB
    Total swap space: 3,88 GB
    Free swap space: 3,82 GB
2015-12-01 00:06:14.362+0000 INFO  [org.neo4j]: JVM memory information:
    Free  memory: 30,86 MB
    Total memory: 57,50 MB
    Max   memory: 853,50 MB
    Garbage Collector: PS Scavenge: [PS Eden Space, PS Survivor Space]
    Garbage Collector: PS MarkSweep: [PS Eden Space, PS Survivor Space, PS Old Gen]
    Memory Pool: Code Cache (Non-heap memory): committed=2,94 MB, used=2,89 MB, max=240,00 MB, threshold=0,00 B
    Memory Pool: Metaspace (Non-heap memory): committed=11,00 MB, used=10,58 MB, max=-1,00 B, threshold=0,00 B
    Memory Pool: Compressed Class Space (Non-heap memory): committed=1,50 MB, used=1,39 MB, max=1,00 GB, threshold=0,00 B
    Memory Pool: PS Eden Space (Heap memory): committed=15,00 MB, used=1,81 MB, max=315,00 MB, threshold=?
    Memory Pool: PS Survivor Space (Heap memory): committed=2,50 MB, used=2,50 MB, max=2,50 MB, threshold=?
    Memory Pool: PS Old Gen (Heap memory): committed=40,00 MB, used=22,33 MB, max=640,00 MB, threshold=0,00 B
2015-12-01 00:06:14.377+0000 INFO  [org.neo4j]: Operating system information:
    Operating System: Linux; version: 3.19.0-32-generic; arch: amd64; cpus: 2
    Max number of file descriptors: 65536
    Number of open file descriptors: 46
    Process id: 6656@Sebastian-NTBK
    Byte order: LITTLE_ENDIAN
    Local timezone: America/Santiago
2015-12-01 00:06:14.381+0000 INFO  [org.neo4j]: JVM information:
    VM Name: Java HotSpot(TM) 64-Bit Server VM
    VM Vendor: Oracle Corporation
    VM Version: 25.45-b02
    JIT compiler: HotSpot 64-Bit Tiered Compilers
    VM Arguments: [-Dfile.encoding=UTF-8]
2015-12-01 00:06:14.382+0000 INFO  [org.neo4j]: Java classpath:
     [bootstrap] /usr/lib/jvm/java-8-oracle/jre/lib/charsets.jar
     [classpath + loader.0] file:/home/kidpolos/Escritorio/neo4j-community-2.2.4/lib/neo4j-unsafe-2.2.4.jar
     [classpath + loader.0] file:/home/kidpolos/Escritorio/neo4j-community-2.2.4/lib/opencsv-2.3.jar
     [loader.1] file:/usr/lib/jvm/java-8-oracle/jre/lib/ext/zipfs.jar
     [loader.1] file:/usr/lib/jvm/java-8-oracle/jre/lib/ext/jfxrt.jar
     [bootstrap] /usr/lib/jvm/java-8-oracle/jre/lib/jce.jar
     [loader.1] file:/usr/lib/jvm/java-8-oracle/jre/lib/ext/sunjce_provider.jar
     [classpath + loader.0] file:/home/kidpolos/Escritorio/neo4j-community-2.2.4/lib/neo4j-primitive-collections-2.2.4.jar
     [classpath + loader.0] file:/home/kidpolos/Escritorio/neo4j-community-2.2.4/lib/neo4j-graph-matching-2.2.4.jar
     [classpath + loader.0] file:/home/kidpolos/Escritorio/neo4j-community-2.2.4/lib/neo4j-udc-2.2.4.jar
     [classpath + loader.0] file:/home/kidpolos/Escritorio/neo4j-community-2.2.4/lib/neo4j-cypher-compiler-2.2-2.2.4.jar
     [classpath + loader.0] file:/home/kidpolos/Escritorio/neo4j-community-2.2.4/lib/neo4j-jmx-2.2.4.jar
     [classpath + loader.0] file:/home/kidpolos/Escritorio/neo4j-community-2.2.4/lib/neo4j-io-2.2.4.jar
     [bootstrap] /usr/lib/jvm/java-8-oracle/jre/classes
     [classpath + loader.0] file:/home/kidpolos/Escritorio/neo4j-community-2.2.4/lib/neo4j-consistency-check-2.2.4.jar
     [bootstrap] /usr/lib/jvm/java-8-oracle/jre/lib/jfr.jar
     [classpath + loader.0] file:/home/kidpolos/workspace/TABD-Final-Proyect/bin/
     [classpath + loader.0] file:/home/kidpolos/Escritorio/neo4j-community-2.2.4/lib/neo4j-csv-2.2.4.jar
     [classpath + loader.0] file:/home/kidpolos/Escritorio/neo4j-community-2.2.4/lib/neo4j-shell-2.2.4.jar
     [classpath + loader.0] file:/home/kidpolos/Escritorio/neo4j-community-2.2.4/lib/neo4j-cypher-compiler-2.1-2.1.8.jar
     [classpath + loader.0] file:/home/kidpolos/Escritorio/neo4j-community-2.2.4/lib/scala-library-2.10.5.jar
     [classpath + loader.0] file:/home/kidpolos/Escritorio/neo4j-community-2.2.4/lib/server-api-2.2.4.jar
     [classpath + loader.0] file:/home/kidpolos/Escritorio/neo4j-community-2.2.4/lib/neo4j-cypher-compiler-2.0-2.0.4.jar
     [classpath + loader.0] file:/home/kidpolos/Escritorio/neo4j-community-2.2.4/lib/neo4j-graph-algo-2.2.4.jar
     [classpath + loader.0] file:/home/kidpolos/Escritorio/neo4j-community-2.2.4/lib/org.apache.servicemix.bundles.jline-0.9.94_1.jar
     [loader.1] file:/usr/lib/jvm/java-8-oracle/jre/lib/ext/sunpkcs11.jar
     [classpath + loader.0] file:/home/kidpolos/Escritorio/neo4j-community-2.2.4/lib/neo4j-cypher-2.2.4.jar
     [classpath + loader.0] file:/home/kidpolos/Escritorio/neo4j-community-2.2.4/lib/neo4j-cypher-compiler-1.9-2.0.4.jar
     [loader.1] file:/usr/lib/jvm/java-8-oracle/jre/lib/ext/nashorn.jar
     [loader.1] file:/usr/lib/jvm/java-8-oracle/jre/lib/ext/dnsns.jar
     [classpath + loader.0] file:/home/kidpolos/Escritorio/neo4j-community-2.2.4/lib/parboiled-scala_2.10-1.1.7.jar
     [classpath + loader.0] file:/home/kidpolos/Escritorio/neo4j-community-2.2.4/lib/concurrentlinkedhashmap-lru-1.4.jar
     [classpath + loader.0] file:/home/kidpolos/Escritorio/neo4j-community-2.2.4/lib/parboiled-core-1.1.7.jar
     [bootstrap] /usr/lib/jvm/java-8-oracle/jre/lib/sunrsasign.jar
     [bootstrap] /usr/lib/jvm/java-8-oracle/jre/lib/rt.jar
     [bootstrap] /usr/lib/jvm/java-8-oracle/jre/lib/resources.jar
     [classpath + loader.0] file:/home/kidpolos/Escritorio/mongo-java-driver-3.0.4-javadoc.jar
     [bootstrap] /usr/lib/jvm/java-8-oracle/jre/lib/jsse.jar
     [loader.1] file:/usr/lib/jvm/java-8-oracle/jre/lib/ext/localedata.jar
     [classpath + loader.0] file:/home/kidpolos/Escritorio/neo4j-community-2.2.4/lib/neo4j-lucene-index-2.2.4.jar
     [classpath + loader.0] file:/home/kidpolos/Escritorio/neo4j-community-2.2.4/lib/neo4j-import-tool-2.2.4.jar
     [loader.1] file:/usr/lib/jvm/java-8-oracle/jre/lib/ext/cldrdata.jar
     [classpath + loader.0] file:/home/kidpolos/Escritorio/mongo-java-driver-3.0.4.jar
     [classpath + loader.0] file:/home/kidpolos/Escritorio/mongo-java-driver-3.0.4-sources.jar
     [classpath + loader.0] file:/home/kidpolos/Escritorio/neo4j-community-2.2.4/lib/neo4j-kernel-2.2.4.jar
     [loader.1] file:/usr/lib/jvm/java-8-oracle/jre/lib/ext/sunec.jar
     [classpath + loader.0] file:/home/kidpolos/Escritorio/neo4j-community-2.2.4/lib/lucene-core-3.6.2.jar
2015-12-01 00:06:14.412+0000 INFO  [org.neo4j]: Library path:
    /home/kidpolos/torch/install/lib
    /home/kidpolos/workspace/TABD-Final-Proyect
    /usr/java/packages/lib/amd64
    /usr/lib64
    /lib64
    /lib
    /usr/lib
2015-12-01 00:06:14.413+0000 INFO  [org.neo4j]: System.properties:
    sun.boot.library.path = /usr/lib/jvm/java-8-oracle/jre/lib/amd64
    path.separator = :
    file.encoding.pkg = sun.io
    user.country = CL
    sun.java.launcher = SUN_STANDARD
    sun.os.patch.level = unknown
    user.dir = /home/kidpolos/workspace/TABD-Final-Proyect
    sun.jnu.encoding = UTF-8
    sun.management.compiler = HotSpot 64-Bit Tiered Compilers
    user.home = /home/kidpolos
    user.timezone = America/Santiago
    file.encoding = UTF-8
    user.name = kidpolos
    sun.java.command = main
    sun.arch.data.model = 64
    user.language = es
    awt.toolkit = sun.awt.X11.XToolkit
    file.separator = /
    sun.io.unicode.encoding = UnicodeLittle
    sun.cpu.endian = little
    sun.desktop = gnome
    sun.cpu.isalist = 
2015-12-01 00:06:14.419+0000 INFO  [org.neo4j]: Linux scheduler information:
    noop [deadline] cfq 
    noop [deadline] cfq 
    none
    none
    none
    none
    none
    none
    none
    none
    none
    none
    none
    none
    none
    none
    none
    none
    none
    none
    none
    none
    none
    none
    none
    none
2015-12-01 00:06:14.429+0000 INFO  [org.neo4j]: Network information:
    Interface docker0:
        address: 172.17.42.1
    Interface wlan0:
        address: fe80:0:0:0:aee0:10ff:fe21:40bb%wlan0
        address: fd61:f8ee:ad55:0:aee0:10ff:fe21:40bb%wlan0
        address: fd61:f8ee:ad55:0:40f7:45e6:cf:7db9%wlan0
        address: 192.168.1.117
    Interface lo:
        address: 0:0:0:0:0:0:0:1%lo
        address: 127.0.0.1
2015-12-01 00:06:14.431+0000 INFO  [org.neo4j]: --- INITIALIZED diagnostics END ---
2015-12-01 00:06:15.544+0000 INFO  [org.neo4j]: Opened logical log [grafos/neostore.transaction.db.2] version=2, lastTxId=6 (clean)
2015-12-01 00:06:15.568+0000 INFO  [org.neo4j]: Kernel health set to OK
2015-12-01 00:06:16.635+0000 INFO  [org.neo4j]: --- STARTED diagnostics for KernelDiagnostics:Versions START ---
2015-12-01 00:06:16.636+0000 INFO  [org.neo4j]: Graph Database: org.neo4j.kernel.EmbeddedGraphDatabase StoreId{creationTime=1448928048993, randomId=6889320943239254676, storeVersion=14969031248344582, upgradeTime=1448928048993, upgradeId=1}
2015-12-01 00:06:16.636+0000 INFO  [org.neo4j]: Kernel version: Neo4j - Graph Database Kernel (neo4j-kernel), version: 2.2.4
2015-12-01 00:06:16.636+0000 INFO  [org.neo4j]: Neo4j component versions:
2015-12-01 00:06:16.650+0000 INFO  [org.neo4j]:   Neo4j - Cypher Compiler 1.9 (neo4j-cypher-compiler-1.9), version: 2.0.4; revision: 2.0.4:2.0-maint:130/4a7d10bc274a5d26a180bbe9df25100e8a694748
2015-12-01 00:06:16.650+0000 INFO  [org.neo4j]:   Neo4j - Consistency Checker (neo4j-consistency-check), version: 2.2.4; revision: 2.2.4:2.2:110/57edd480e2d0684ccdc602ad736c5da7812daa99-dirty
2015-12-01 00:06:16.651+0000 INFO  [org.neo4j]:   Neo4j - Cypher Compiler 2.2 (neo4j-cypher-compiler-2.2), version: 2.2.4; revision: 2.2.4:2.2:110/57edd480e2d0684ccdc602ad736c5da7812daa99-dirty
2015-12-01 00:06:16.651+0000 INFO  [org.neo4j]:   Neo4j - Import Command Line Tool (neo4j-import-tool), version: 2.2.4; revision: 2.2.4:2.2:110/57edd480e2d0684ccdc602ad736c5da7812daa99-dirty
2015-12-01 00:06:16.651+0000 INFO  [org.neo4j]:   Neo4j - Server API (server-api), version: 2.2.4; revision: 2.2.4:2.2:110/57edd480e2d0684ccdc602ad736c5da7812daa99-dirty
2015-12-01 00:06:16.651+0000 INFO  [org.neo4j]:   Neo4j - Graph Database Kernel (neo4j-kernel), version: 2.2.4; revision: 2.2.4:2.2:110/57edd480e2d0684ccdc602ad736c5da7812daa99-dirty
2015-12-01 00:06:16.651+0000 INFO  [org.neo4j]:   Neo4j - Cypher Compiler 2.1 (neo4j-cypher-compiler-2.1), version: 2.1.8; revision: 2.1.8:2.1-maint:687/5c83ce3a5ddf33259593f719153ce71a6fe89fc7
2015-12-01 00:06:16.651+0000 INFO  [org.neo4j]:   Neo4j - Generic shell (neo4j-shell), version: 2.2.4; revision: 2.2.4:2.2:110/57edd480e2d0684ccdc602ad736c5da7812daa99-dirty
2015-12-01 00:06:16.651+0000 INFO  [org.neo4j]:   neo4j-udc, version: 2.2.4; revision: 2.2.4:2.2:110/57edd480e2d0684ccdc602ad736c5da7812daa99-dirty
2015-12-01 00:06:16.652+0000 INFO  [org.neo4j]:   Neo4j - Lucene Index (neo4j-lucene-index), version: 2.2.4; revision: 2.2.4:2.2:110/57edd480e2d0684ccdc602ad736c5da7812daa99-dirty
2015-12-01 00:06:16.652+0000 INFO  [org.neo4j]:   Neo4j - Cypher Compiler 2.0 (neo4j-cypher-compiler-2.0), version: 2.0.4; revision: 2.0.4:2.0-maint:130/4a7d10bc274a5d26a180bbe9df25100e8a694748
2015-12-01 00:06:16.652+0000 INFO  [org.neo4j]:   Neo4j - Graph Matching (neo4j-graph-matching), version: 2.2.4; revision: 2.2.4:2.2:110/57edd480e2d0684ccdc602ad736c5da7812daa99-dirty
2015-12-01 00:06:16.652+0000 INFO  [org.neo4j]:   Neo4j - JMX support (neo4j-jmx), version: 2.2.4; revision: 2.2.4:2.2:110/57edd480e2d0684ccdc602ad736c5da7812daa99-dirty
2015-12-01 00:06:16.652+0000 INFO  [org.neo4j]:   Neo4j - Cypher (neo4j-cypher), version: 2.2.4; revision: 2.2.4:2.2:110/57edd480e2d0684ccdc602ad736c5da7812daa99-dirty
2015-12-01 00:06:16.652+0000 INFO  [org.neo4j]:   Neo4j - Graph Algorithms (neo4j-graph-algo), version: 2.2.4; revision: 2.2.4:2.2:110/57edd480e2d0684ccdc602ad736c5da7812daa99-dirty
2015-12-01 00:06:16.653+0000 INFO  [org.neo4j]: --- STARTED diagnostics for KernelDiagnostics:Versions END ---
2015-12-01 00:06:16.657+0000 INFO  [org.neo4j]: --- STARTED diagnostics for NEO_STORE_VERSIONS START ---
2015-12-01 00:06:16.658+0000 INFO  [org.neo4j]: Store versions:
    Store versions:
      NeoStore v0.A.5
      SchemaStore v0.A.5
      NodeStore v0.A.5
      RelationshipStore v0.A.5
      RelationshipTypeStore v0.A.5
      LabelTokenStore v0.A.5
      PropertyStore v0.A.5
      PropertyIndexStore v0.A.5
      StringPropertyStore v0.A.5
      ArrayPropertyStore v0.A.5
      RelationshipGroupStore v0.A.5
2015-12-01 00:06:16.658+0000 INFO  [org.neo4j]: --- STARTED diagnostics for NEO_STORE_VERSIONS END ---
2015-12-01 00:06:16.659+0000 INFO  [org.neo4j]: --- STARTED diagnostics for NEO_STORE_ID_USAGE START ---
2015-12-01 00:06:16.659+0000 INFO  [org.neo4j]: Id usage:
    Id usage:
      SchemaStore: used=1 high=0
      NodeStore: used=31 high=30
      RelationshipStore: used=178 high=177
      RelationshipTypeStore: used=2 high=1
      LabelTokenStore: used=0 high=-1
      PropertyStore: used=31 high=30
      PropertyIndexStore: used=2 high=1
      StringPropertyStore: used=1 high=0
      ArrayPropertyStore: used=1 high=0
      RelationshipGroupStore: used=1 high=0
2015-12-01 00:06:16.661+0000 INFO  [org.neo4j]: --- STARTED diagnostics for NEO_STORE_ID_USAGE END ---
2015-12-01 00:06:16.662+0000 INFO  [org.neo4j]: --- STARTED diagnostics for KernelDiagnostics:StoreFiles START ---
2015-12-01 00:06:16.663+0000 INFO  [org.neo4j]: Disk space on partition (Total / Free / Free %): 487490379776 / 453978009600 / 93
Storage files: (filename : modification date - size)
      index:
      - Total: 2015-11-30T21:00:48-0300 - 0,00 B
      lock: 2015-11-30T21:06:14-0300 - 0,00 B
      messages.log: 2015-11-30T21:06:16-0300 - 57,97 kB
      neostore: 2015-11-30T21:06:14-0300 - 99,00 B
      neostore.counts.db.a: 2015-11-30T21:04:52-0300 - 242,00 B
      neostore.counts.db.b: 2015-11-30T21:00:56-0300 - 242,00 B
      neostore.id: 2015-11-30T21:06:14-0300 - 9,00 B
      neostore.labeltokenstore.db: 2015-11-30T21:06:14-0300 - 0,00 B
      neostore.labeltokenstore.db.id: 2015-11-30T21:06:14-0300 - 9,00 B
      neostore.labeltokenstore.db.names: 2015-11-30T21:06:14-0300 - 38,00 B
      neostore.labeltokenstore.db.names.id: 2015-11-30T21:06:14-0300 - 9,00 B
      neostore.nodestore.db: 2015-11-30T21:06:14-0300 - 465,00 B
      neostore.nodestore.db.id: 2015-11-30T21:06:14-0300 - 9,00 B
      neostore.nodestore.db.labels: 2015-11-30T21:06:14-0300 - 68,00 B
      neostore.nodestore.db.labels.id: 2015-11-30T21:06:14-0300 - 9,00 B
      neostore.propertystore.db: 2015-11-30T21:06:14-0300 - 1,24 kB
      neostore.propertystore.db.arrays: 2015-11-30T21:06:14-0300 - 128,00 B
      neostore.propertystore.db.arrays.id: 2015-11-30T21:06:14-0300 - 9,00 B
      neostore.propertystore.db.id: 2015-11-30T21:06:14-0300 - 9,00 B
      neostore.propertystore.db.index: 2015-11-30T21:06:14-0300 - 18,00 B
      neostore.propertystore.db.index.id: 2015-11-30T21:06:14-0300 - 9,00 B
      neostore.propertystore.db.index.keys: 2015-11-30T21:06:14-0300 - 114,00 B
      neostore.propertystore.db.index.keys.id: 2015-11-30T21:06:14-0300 - 9,00 B
      neostore.propertystore.db.strings: 2015-11-30T21:06:14-0300 - 128,00 B
      neostore.propertystore.db.strings.id: 2015-11-30T21:06:14-0300 - 9,00 B
      neostore.relationshipgroupstore.db: 2015-11-30T21:06:14-0300 - 25,00 B
      neostore.relationshipgroupstore.db.id: 2015-11-30T21:06:14-0300 - 9,00 B
      neostore.relationshipstore.db: 2015-11-30T21:06:14-0300 - 5,91 kB
      neostore.relationshipstore.db.id: 2015-11-30T21:06:14-0300 - 9,00 B
      neostore.relationshiptypestore.db: 2015-11-30T21:06:14-0300 - 10,00 B
      neostore.relationshiptypestore.db.id: 2015-11-30T21:06:14-0300 - 9,00 B
      neostore.relationshiptypestore.db.names: 2015-11-30T21:06:14-0300 - 114,00 B
      neostore.relationshiptypestore.db.names.id: 2015-11-30T21:06:14-0300 - 9,00 B
      neostore.schemastore.db: 2015-11-30T21:06:14-0300 - 64,00 B
      neostore.schemastore.db.id: 2015-11-30T21:06:14-0300 - 9,00 B
      neostore.transaction.db.0: 2015-11-30T21:00:56-0300 - 17,08 kB
      neostore.transaction.db.1: 2015-11-30T21:04:52-0300 - 123,00 B
      neostore.transaction.db.2: 2015-11-30T21:06:15-0300 - 16,00 B
      schema:
        label:
          lucene:
            segments.gen: 2015-11-30T21:00:56-0300 - 20,00 B
            segments_1: 2015-11-30T21:00:56-0300 - 32,00 B
            write.lock: 2015-11-30T21:06:15-0300 - 0,00 B
          - Total: 2015-11-30T21:06:15-0300 - 52,00 B
        - Total: 2015-11-30T21:00:53-0300 - 52,00 B
      - Total: 2015-11-30T21:00:53-0300 - 52,00 B
      store_lock: 2015-11-30T21:00:48-0300 - 0,00 B
2015-12-01 00:06:16.688+0000 INFO  [org.neo4j]: --- STARTED diagnostics for KernelDiagnostics:StoreFiles END ---
2015-12-01 00:06:16.818+0000 INFO  [org.neo4j]: Database is now ready
2015-12-01 00:06:20.331+0000 INFO  [org.neo4j]: Shutdown started
2015-12-01 00:06:20.332+0000 INFO  [org.neo4j]: Database is now unavailable
2015-12-01 00:06:21.320+0000 INFO  [org.neo4j]: NeoStore closed
2015-12-01 00:06:21.320+0000 INFO  [org.neo4j]: --- STOPPING diagnostics START ---
2015-12-01 00:06:21.320+0000 INFO  [org.neo4j]: --- STOPPING diagnostics END ---
2015-12-01 00:09:34.014+0000 INFO  [org.neo4j]: No locking implementation specified, defaulting to 'community'
2015-12-01 00:09:34.162+0000 INFO  [org.neo4j]: --- INITIALIZED diagnostics START ---
2015-12-01 00:09:34.165+0000 INFO  [org.neo4j]: Neo4j Kernel properties:
    store_dir=grafos
    allow_store_upgrade=true
    ephemeral=false
2015-12-01 00:09:34.176+0000 INFO  [org.neo4j]: Diagnostics providers:
    org.neo4j.kernel.configuration.Config
    org.neo4j.kernel.info.DiagnosticsManager
    SYSTEM_MEMORY
    JAVA_MEMORY
    OPERATING_SYSTEM
    JAVA_VIRTUAL_MACHINE
    CLASSPATH
    LIBRARY_PATH
    SYSTEM_PROPERTIES
    LINUX_SCHEDULERS
    NETWORK
2015-12-01 00:09:34.178+0000 INFO  [org.neo4j]: System memory information:
    Total Physical memory: 3,74 GB
    Free Physical memory: 464,85 MB
    Committed virtual memory: 3,25 GB
    Total swap space: 3,88 GB
    Free swap space: 3,83 GB
2015-12-01 00:09:34.190+0000 INFO  [org.neo4j]: JVM memory information:
    Free  memory: 41,94 MB
    Total memory: 72,50 MB
    Max   memory: 853,50 MB
    Garbage Collector: PS Scavenge: [PS Eden Space, PS Survivor Space]
    Garbage Collector: PS MarkSweep: [PS Eden Space, PS Survivor Space, PS Old Gen]
    Memory Pool: Code Cache (Non-heap memory): committed=3,06 MB, used=3,04 MB, max=240,00 MB, threshold=0,00 B
    Memory Pool: Metaspace (Non-heap memory): committed=11,00 MB, used=10,61 MB, max=-1,00 B, threshold=0,00 B
    Memory Pool: Compressed Class Space (Non-heap memory): committed=1,50 MB, used=1,39 MB, max=1,00 GB, threshold=0,00 B
    Memory Pool: PS Eden Space (Heap memory): committed=30,00 MB, used=17,33 MB, max=315,00 MB, threshold=?
    Memory Pool: PS Survivor Space (Heap memory): committed=2,50 MB, used=2,50 MB, max=2,50 MB, threshold=?
    Memory Pool: PS Old Gen (Heap memory): committed=40,00 MB, used=10,73 MB, max=640,00 MB, threshold=0,00 B
2015-12-01 00:09:34.210+0000 INFO  [org.neo4j]: Operating system information:
    Operating System: Linux; version: 3.19.0-32-generic; arch: amd64; cpus: 2
    Max number of file descriptors: 65536
    Number of open file descriptors: 46
    Process id: 6764@Sebastian-NTBK
    Byte order: LITTLE_ENDIAN
    Local timezone: America/Santiago
2015-12-01 00:09:34.214+0000 INFO  [org.neo4j]: JVM information:
    VM Name: Java HotSpot(TM) 64-Bit Server VM
    VM Vendor: Oracle Corporation
    VM Version: 25.45-b02
    JIT compiler: HotSpot 64-Bit Tiered Compilers
    VM Arguments: [-Dfile.encoding=UTF-8]
2015-12-01 00:09:34.215+0000 INFO  [org.neo4j]: Java classpath:
     [bootstrap] /usr/lib/jvm/java-8-oracle/jre/lib/charsets.jar
     [classpath + loader.0] file:/home/kidpolos/Escritorio/neo4j-community-2.2.4/lib/neo4j-unsafe-2.2.4.jar
     [classpath + loader.0] file:/home/kidpolos/Escritorio/neo4j-community-2.2.4/lib/opencsv-2.3.jar
     [loader.1] file:/usr/lib/jvm/java-8-oracle/jre/lib/ext/zipfs.jar
     [loader.1] file:/usr/lib/jvm/java-8-oracle/jre/lib/ext/jfxrt.jar
     [bootstrap] /usr/lib/jvm/java-8-oracle/jre/lib/jce.jar
     [loader.1] file:/usr/lib/jvm/java-8-oracle/jre/lib/ext/sunjce_provider.jar
     [classpath + loader.0] file:/home/kidpolos/Escritorio/neo4j-community-2.2.4/lib/neo4j-primitive-collections-2.2.4.jar
     [classpath + loader.0] file:/home/kidpolos/Escritorio/neo4j-community-2.2.4/lib/neo4j-graph-matching-2.2.4.jar
     [classpath + loader.0] file:/home/kidpolos/Escritorio/neo4j-community-2.2.4/lib/neo4j-udc-2.2.4.jar
     [classpath + loader.0] file:/home/kidpolos/Escritorio/neo4j-community-2.2.4/lib/neo4j-cypher-compiler-2.2-2.2.4.jar
     [classpath + loader.0] file:/home/kidpolos/Escritorio/neo4j-community-2.2.4/lib/neo4j-jmx-2.2.4.jar
     [classpath + loader.0] file:/home/kidpolos/Escritorio/neo4j-community-2.2.4/lib/neo4j-io-2.2.4.jar
     [bootstrap] /usr/lib/jvm/java-8-oracle/jre/classes
     [classpath + loader.0] file:/home/kidpolos/Escritorio/neo4j-community-2.2.4/lib/neo4j-consistency-check-2.2.4.jar
     [bootstrap] /usr/lib/jvm/java-8-oracle/jre/lib/jfr.jar
     [classpath + loader.0] file:/home/kidpolos/workspace/TABD-Final-Proyect/bin/
     [classpath + loader.0] file:/home/kidpolos/Escritorio/neo4j-community-2.2.4/lib/neo4j-csv-2.2.4.jar
     [classpath + loader.0] file:/home/kidpolos/Escritorio/neo4j-community-2.2.4/lib/neo4j-shell-2.2.4.jar
     [classpath + loader.0] file:/home/kidpolos/Escritorio/neo4j-community-2.2.4/lib/neo4j-cypher-compiler-2.1-2.1.8.jar
     [classpath + loader.0] file:/home/kidpolos/Escritorio/neo4j-community-2.2.4/lib/scala-library-2.10.5.jar
     [classpath + loader.0] file:/home/kidpolos/Escritorio/neo4j-community-2.2.4/lib/server-api-2.2.4.jar
     [classpath + loader.0] file:/home/kidpolos/Escritorio/neo4j-community-2.2.4/lib/neo4j-cypher-compiler-2.0-2.0.4.jar
     [classpath + loader.0] file:/home/kidpolos/Escritorio/neo4j-community-2.2.4/lib/neo4j-graph-algo-2.2.4.jar
     [classpath + loader.0] file:/home/kidpolos/Escritorio/neo4j-community-2.2.4/lib/org.apache.servicemix.bundles.jline-0.9.94_1.jar
     [loader.1] file:/usr/lib/jvm/java-8-oracle/jre/lib/ext/sunpkcs11.jar
     [classpath + loader.0] file:/home/kidpolos/Escritorio/neo4j-community-2.2.4/lib/neo4j-cypher-2.2.4.jar
     [classpath + loader.0] file:/home/kidpolos/Escritorio/neo4j-community-2.2.4/lib/neo4j-cypher-compiler-1.9-2.0.4.jar
     [loader.1] file:/usr/lib/jvm/java-8-oracle/jre/lib/ext/nashorn.jar
     [loader.1] file:/usr/lib/jvm/java-8-oracle/jre/lib/ext/dnsns.jar
     [classpath + loader.0] file:/home/kidpolos/Escritorio/neo4j-community-2.2.4/lib/parboiled-scala_2.10-1.1.7.jar
     [classpath + loader.0] file:/home/kidpolos/Escritorio/neo4j-community-2.2.4/lib/concurrentlinkedhashmap-lru-1.4.jar
     [classpath + loader.0] file:/home/kidpolos/Escritorio/neo4j-community-2.2.4/lib/parboiled-core-1.1.7.jar
     [bootstrap] /usr/lib/jvm/java-8-oracle/jre/lib/sunrsasign.jar
     [bootstrap] /usr/lib/jvm/java-8-oracle/jre/lib/rt.jar
     [bootstrap] /usr/lib/jvm/java-8-oracle/jre/lib/resources.jar
     [classpath + loader.0] file:/home/kidpolos/Escritorio/mongo-java-driver-3.0.4-javadoc.jar
     [bootstrap] /usr/lib/jvm/java-8-oracle/jre/lib/jsse.jar
     [loader.1] file:/usr/lib/jvm/java-8-oracle/jre/lib/ext/localedata.jar
     [classpath + loader.0] file:/home/kidpolos/Escritorio/neo4j-community-2.2.4/lib/neo4j-lucene-index-2.2.4.jar
     [classpath + loader.0] file:/home/kidpolos/Escritorio/neo4j-community-2.2.4/lib/neo4j-import-tool-2.2.4.jar
     [loader.1] file:/usr/lib/jvm/java-8-oracle/jre/lib/ext/cldrdata.jar
     [classpath + loader.0] file:/home/kidpolos/Escritorio/mongo-java-driver-3.0.4.jar
     [classpath + loader.0] file:/home/kidpolos/Escritorio/mongo-java-driver-3.0.4-sources.jar
     [classpath + loader.0] file:/home/kidpolos/Escritorio/neo4j-community-2.2.4/lib/neo4j-kernel-2.2.4.jar
     [loader.1] file:/usr/lib/jvm/java-8-oracle/jre/lib/ext/sunec.jar
     [classpath + loader.0] file:/home/kidpolos/Escritorio/neo4j-community-2.2.4/lib/lucene-core-3.6.2.jar
2015-12-01 00:09:34.248+0000 INFO  [org.neo4j]: Library path:
    /home/kidpolos/torch/install/lib
    /home/kidpolos/workspace/TABD-Final-Proyect
    /usr/java/packages/lib/amd64
    /usr/lib64
    /lib64
    /lib
    /usr/lib
2015-12-01 00:09:34.249+0000 INFO  [org.neo4j]: System.properties:
    sun.boot.library.path = /usr/lib/jvm/java-8-oracle/jre/lib/amd64
    path.separator = :
    file.encoding.pkg = sun.io
    user.country = CL
    sun.java.launcher = SUN_STANDARD
    sun.os.patch.level = unknown
    user.dir = /home/kidpolos/workspace/TABD-Final-Proyect
    sun.jnu.encoding = UTF-8
    sun.management.compiler = HotSpot 64-Bit Tiered Compilers
    user.home = /home/kidpolos
    user.timezone = America/Santiago
    file.encoding = UTF-8
    user.name = kidpolos
    sun.java.command = main
    sun.arch.data.model = 64
    user.language = es
    awt.toolkit = sun.awt.X11.XToolkit
    file.separator = /
    sun.io.unicode.encoding = UnicodeLittle
    sun.cpu.endian = little
    sun.desktop = gnome
    sun.cpu.isalist = 
2015-12-01 00:09:34.251+0000 INFO  [org.neo4j]: Linux scheduler information:
    noop [deadline] cfq 
    noop [deadline] cfq 
    none
    none
    none
    none
    none
    none
    none
    none
    none
    none
    none
    none
    none
    none
    none
    none
    none
    none
    none
    none
    none
    none
    none
    none
2015-12-01 00:09:34.264+0000 INFO  [org.neo4j]: Network information:
    Interface docker0:
        address: 172.17.42.1
    Interface wlan0:
        address: fe80:0:0:0:aee0:10ff:fe21:40bb%wlan0
        address: fd61:f8ee:ad55:0:aee0:10ff:fe21:40bb%wlan0
        address: fd61:f8ee:ad55:0:40f7:45e6:cf:7db9%wlan0
        address: 192.168.1.117
    Interface lo:
        address: 0:0:0:0:0:0:0:1%lo
        address: 127.0.0.1
2015-12-01 00:09:34.268+0000 INFO  [org.neo4j]: --- INITIALIZED diagnostics END ---
2015-12-01 00:09:35.461+0000 INFO  [org.neo4j]: Opened logical log [grafos/neostore.transaction.db.3] version=3, lastTxId=6 (clean)
2015-12-01 00:09:35.484+0000 INFO  [org.neo4j]: Kernel health set to OK
2015-12-01 00:09:36.503+0000 INFO  [org.neo4j]: --- STARTED diagnostics for KernelDiagnostics:Versions START ---
2015-12-01 00:09:36.503+0000 INFO  [org.neo4j]: Graph Database: org.neo4j.kernel.EmbeddedGraphDatabase StoreId{creationTime=1448928048993, randomId=6889320943239254676, storeVersion=14969031248344582, upgradeTime=1448928048993, upgradeId=1}
2015-12-01 00:09:36.503+0000 INFO  [org.neo4j]: Kernel version: Neo4j - Graph Database Kernel (neo4j-kernel), version: 2.2.4
2015-12-01 00:09:36.504+0000 INFO  [org.neo4j]: Neo4j component versions:
2015-12-01 00:09:36.519+0000 INFO  [org.neo4j]:   Neo4j - Cypher Compiler 1.9 (neo4j-cypher-compiler-1.9), version: 2.0.4; revision: 2.0.4:2.0-maint:130/4a7d10bc274a5d26a180bbe9df25100e8a694748
2015-12-01 00:09:36.519+0000 INFO  [org.neo4j]:   Neo4j - Consistency Checker (neo4j-consistency-check), version: 2.2.4; revision: 2.2.4:2.2:110/57edd480e2d0684ccdc602ad736c5da7812daa99-dirty
2015-12-01 00:09:36.519+0000 INFO  [org.neo4j]:   Neo4j - Cypher Compiler 2.2 (neo4j-cypher-compiler-2.2), version: 2.2.4; revision: 2.2.4:2.2:110/57edd480e2d0684ccdc602ad736c5da7812daa99-dirty
2015-12-01 00:09:36.519+0000 INFO  [org.neo4j]:   Neo4j - Import Command Line Tool (neo4j-import-tool), version: 2.2.4; revision: 2.2.4:2.2:110/57edd480e2d0684ccdc602ad736c5da7812daa99-dirty
2015-12-01 00:09:36.520+0000 INFO  [org.neo4j]:   Neo4j - Server API (server-api), version: 2.2.4; revision: 2.2.4:2.2:110/57edd480e2d0684ccdc602ad736c5da7812daa99-dirty
2015-12-01 00:09:36.520+0000 INFO  [org.neo4j]:   Neo4j - Graph Database Kernel (neo4j-kernel), version: 2.2.4; revision: 2.2.4:2.2:110/57edd480e2d0684ccdc602ad736c5da7812daa99-dirty
2015-12-01 00:09:36.520+0000 INFO  [org.neo4j]:   Neo4j - Cypher Compiler 2.1 (neo4j-cypher-compiler-2.1), version: 2.1.8; revision: 2.1.8:2.1-maint:687/5c83ce3a5ddf33259593f719153ce71a6fe89fc7
2015-12-01 00:09:36.520+0000 INFO  [org.neo4j]:   Neo4j - Generic shell (neo4j-shell), version: 2.2.4; revision: 2.2.4:2.2:110/57edd480e2d0684ccdc602ad736c5da7812daa99-dirty
2015-12-01 00:09:36.520+0000 INFO  [org.neo4j]:   neo4j-udc, version: 2.2.4; revision: 2.2.4:2.2:110/57edd480e2d0684ccdc602ad736c5da7812daa99-dirty
2015-12-01 00:09:36.520+0000 INFO  [org.neo4j]:   Neo4j - Lucene Index (neo4j-lucene-index), version: 2.2.4; revision: 2.2.4:2.2:110/57edd480e2d0684ccdc602ad736c5da7812daa99-dirty
2015-12-01 00:09:36.521+0000 INFO  [org.neo4j]:   Neo4j - Cypher Compiler 2.0 (neo4j-cypher-compiler-2.0), version: 2.0.4; revision: 2.0.4:2.0-maint:130/4a7d10bc274a5d26a180bbe9df25100e8a694748
2015-12-01 00:09:36.521+0000 INFO  [org.neo4j]:   Neo4j - Graph Matching (neo4j-graph-matching), version: 2.2.4; revision: 2.2.4:2.2:110/57edd480e2d0684ccdc602ad736c5da7812daa99-dirty
2015-12-01 00:09:36.521+0000 INFO  [org.neo4j]:   Neo4j - JMX support (neo4j-jmx), version: 2.2.4; revision: 2.2.4:2.2:110/57edd480e2d0684ccdc602ad736c5da7812daa99-dirty
2015-12-01 00:09:36.521+0000 INFO  [org.neo4j]:   Neo4j - Cypher (neo4j-cypher), version: 2.2.4; revision: 2.2.4:2.2:110/57edd480e2d0684ccdc602ad736c5da7812daa99-dirty
2015-12-01 00:09:36.521+0000 INFO  [org.neo4j]:   Neo4j - Graph Algorithms (neo4j-graph-algo), version: 2.2.4; revision: 2.2.4:2.2:110/57edd480e2d0684ccdc602ad736c5da7812daa99-dirty
2015-12-01 00:09:36.521+0000 INFO  [org.neo4j]: --- STARTED diagnostics for KernelDiagnostics:Versions END ---
2015-12-01 00:09:36.525+0000 INFO  [org.neo4j]: --- STARTED diagnostics for NEO_STORE_VERSIONS START ---
2015-12-01 00:09:36.526+0000 INFO  [org.neo4j]: Store versions:
    Store versions:
      NeoStore v0.A.5
      SchemaStore v0.A.5
      NodeStore v0.A.5
      RelationshipStore v0.A.5
      RelationshipTypeStore v0.A.5
      LabelTokenStore v0.A.5
      PropertyStore v0.A.5
      PropertyIndexStore v0.A.5
      StringPropertyStore v0.A.5
      ArrayPropertyStore v0.A.5
      RelationshipGroupStore v0.A.5
2015-12-01 00:09:36.527+0000 INFO  [org.neo4j]: --- STARTED diagnostics for NEO_STORE_VERSIONS END ---
2015-12-01 00:09:36.528+0000 INFO  [org.neo4j]: --- STARTED diagnostics for NEO_STORE_ID_USAGE START ---
2015-12-01 00:09:36.528+0000 INFO  [org.neo4j]: Id usage:
    Id usage:
      SchemaStore: used=1 high=0
      NodeStore: used=31 high=30
      RelationshipStore: used=178 high=177
      RelationshipTypeStore: used=2 high=1
      LabelTokenStore: used=0 high=-1
      PropertyStore: used=31 high=30
      PropertyIndexStore: used=2 high=1
      StringPropertyStore: used=1 high=0
      ArrayPropertyStore: used=1 high=0
      RelationshipGroupStore: used=1 high=0
2015-12-01 00:09:36.530+0000 INFO  [org.neo4j]: --- STARTED diagnostics for NEO_STORE_ID_USAGE END ---
2015-12-01 00:09:36.531+0000 INFO  [org.neo4j]: --- STARTED diagnostics for KernelDiagnostics:StoreFiles START ---
2015-12-01 00:09:36.532+0000 INFO  [org.neo4j]: Disk space on partition (Total / Free / Free %): 487490379776 / 453977948160 / 93
Storage files: (filename : modification date - size)
      index:
      - Total: 2015-11-30T21:00:48-0300 - 0,00 B
      lock: 2015-11-30T21:09:34-0300 - 0,00 B
      messages.log: 2015-11-30T21:09:36-0300 - 75,29 kB
      neostore: 2015-11-30T21:09:34-0300 - 99,00 B
      neostore.counts.db.a: 2015-11-30T21:04:52-0300 - 242,00 B
      neostore.counts.db.b: 2015-11-30T21:00:56-0300 - 242,00 B
      neostore.id: 2015-11-30T21:09:34-0300 - 9,00 B
      neostore.labeltokenstore.db: 2015-11-30T21:09:34-0300 - 0,00 B
      neostore.labeltokenstore.db.id: 2015-11-30T21:09:34-0300 - 9,00 B
      neostore.labeltokenstore.db.names: 2015-11-30T21:09:34-0300 - 38,00 B
      neostore.labeltokenstore.db.names.id: 2015-11-30T21:09:34-0300 - 9,00 B
      neostore.nodestore.db: 2015-11-30T21:09:34-0300 - 465,00 B
      neostore.nodestore.db.id: 2015-11-30T21:09:34-0300 - 9,00 B
      neostore.nodestore.db.labels: 2015-11-30T21:09:34-0300 - 68,00 B
      neostore.nodestore.db.labels.id: 2015-11-30T21:09:34-0300 - 9,00 B
      neostore.propertystore.db: 2015-11-30T21:09:34-0300 - 1,24 kB
      neostore.propertystore.db.arrays: 2015-11-30T21:09:34-0300 - 128,00 B
      neostore.propertystore.db.arrays.id: 2015-11-30T21:09:34-0300 - 9,00 B
      neostore.propertystore.db.id: 2015-11-30T21:09:34-0300 - 9,00 B
      neostore.propertystore.db.index: 2015-11-30T21:09:34-0300 - 18,00 B
      neostore.propertystore.db.index.id: 2015-11-30T21:09:34-0300 - 9,00 B
      neostore.propertystore.db.index.keys: 2015-11-30T21:09:34-0300 - 114,00 B
      neostore.propertystore.db.index.keys.id: 2015-11-30T21:09:34-0300 - 9,00 B
      neostore.propertystore.db.strings: 2015-11-30T21:09:34-0300 - 128,00 B
      neostore.propertystore.db.strings.id: 2015-11-30T21:09:34-0300 - 9,00 B
      neostore.relationshipgroupstore.db: 2015-11-30T21:09:34-0300 - 25,00 B
      neostore.relationshipgroupstore.db.id: 2015-11-30T21:09:34-0300 - 9,00 B
      neostore.relationshipstore.db: 2015-11-30T21:09:34-0300 - 5,91 kB
      neostore.relationshipstore.db.id: 2015-11-30T21:09:34-0300 - 9,00 B
      neostore.relationshiptypestore.db: 2015-11-30T21:09:34-0300 - 10,00 B
      neostore.relationshiptypestore.db.id: 2015-11-30T21:09:34-0300 - 9,00 B
      neostore.relationshiptypestore.db.names: 2015-11-30T21:09:34-0300 - 114,00 B
      neostore.relationshiptypestore.db.names.id: 2015-11-30T21:09:34-0300 - 9,00 B
      neostore.schemastore.db: 2015-11-30T21:09:34-0300 - 64,00 B
      neostore.schemastore.db.id: 2015-11-30T21:09:34-0300 - 9,00 B
      neostore.transaction.db.0: 2015-11-30T21:00:56-0300 - 17,08 kB
      neostore.transaction.db.1: 2015-11-30T21:04:52-0300 - 123,00 B
      neostore.transaction.db.2: 2015-11-30T21:06:15-0300 - 16,00 B
      neostore.transaction.db.3: 2015-11-30T21:09:35-0300 - 16,00 B
      schema:
        label:
          lucene:
            segments.gen: 2015-11-30T21:00:56-0300 - 20,00 B
            segments_1: 2015-11-30T21:00:56-0300 - 32,00 B
            write.lock: 2015-11-30T21:09:35-0300 - 0,00 B
          - Total: 2015-11-30T21:09:35-0300 - 52,00 B
        - Total: 2015-11-30T21:00:53-0300 - 52,00 B
      - Total: 2015-11-30T21:00:53-0300 - 52,00 B
      store_lock: 2015-11-30T21:00:48-0300 - 0,00 B
2015-12-01 00:09:36.556+0000 INFO  [org.neo4j]: --- STARTED diagnostics for KernelDiagnostics:StoreFiles END ---
2015-12-01 00:09:36.846+0000 INFO  [org.neo4j]: Database is now ready
2015-12-01 00:09:40.605+0000 INFO  [org.neo4j]: Shutdown started
2015-12-01 00:09:40.607+0000 INFO  [org.neo4j]: Database is now unavailable
2015-12-01 00:09:41.633+0000 INFO  [org.neo4j]: NeoStore closed
2015-12-01 00:09:41.633+0000 INFO  [org.neo4j]: --- STOPPING diagnostics START ---
2015-12-01 00:09:41.634+0000 INFO  [org.neo4j]: --- STOPPING diagnostics END ---
2015-12-01 00:12:23.612+0000 INFO  [org.neo4j]: No locking implementation specified, defaulting to 'community'
2015-12-01 00:12:23.758+0000 INFO  [org.neo4j]: --- INITIALIZED diagnostics START ---
2015-12-01 00:12:23.761+0000 INFO  [org.neo4j]: Neo4j Kernel properties:
    store_dir=grafos
    allow_store_upgrade=true
    ephemeral=false
2015-12-01 00:12:23.772+0000 INFO  [org.neo4j]: Diagnostics providers:
    org.neo4j.kernel.configuration.Config
    org.neo4j.kernel.info.DiagnosticsManager
    SYSTEM_MEMORY
    JAVA_MEMORY
    OPERATING_SYSTEM
    JAVA_VIRTUAL_MACHINE
    CLASSPATH
    LIBRARY_PATH
    SYSTEM_PROPERTIES
    LINUX_SCHEDULERS
    NETWORK
2015-12-01 00:12:23.774+0000 INFO  [org.neo4j]: System memory information:
    Total Physical memory: 3,74 GB
    Free Physical memory: 453,52 MB
    Committed virtual memory: 3,25 GB
    Total swap space: 3,88 GB
    Free swap space: 3,83 GB
2015-12-01 00:12:23.780+0000 INFO  [org.neo4j]: JVM memory information:
    Free  memory: 41,95 MB
    Total memory: 72,50 MB
    Max   memory: 853,50 MB
    Garbage Collector: PS Scavenge: [PS Eden Space, PS Survivor Space]
    Garbage Collector: PS MarkSweep: [PS Eden Space, PS Survivor Space, PS Old Gen]
    Memory Pool: Code Cache (Non-heap memory): committed=3,00 MB, used=2,95 MB, max=240,00 MB, threshold=0,00 B
    Memory Pool: Metaspace (Non-heap memory): committed=11,00 MB, used=10,61 MB, max=-1,00 B, threshold=0,00 B
    Memory Pool: Compressed Class Space (Non-heap memory): committed=1,50 MB, used=1,39 MB, max=1,00 GB, threshold=0,00 B
    Memory Pool: PS Eden Space (Heap memory): committed=30,00 MB, used=17,36 MB, max=315,00 MB, threshold=?
    Memory Pool: PS Survivor Space (Heap memory): committed=2,50 MB, used=2,50 MB, max=2,50 MB, threshold=?
    Memory Pool: PS Old Gen (Heap memory): committed=40,00 MB, used=10,69 MB, max=640,00 MB, threshold=0,00 B
2015-12-01 00:12:23.787+0000 INFO  [org.neo4j]: Operating system information:
    Operating System: Linux; version: 3.19.0-32-generic; arch: amd64; cpus: 2
    Max number of file descriptors: 65536
    Number of open file descriptors: 46
    Process id: 6832@Sebastian-NTBK
    Byte order: LITTLE_ENDIAN
    Local timezone: America/Santiago
2015-12-01 00:12:23.789+0000 INFO  [org.neo4j]: JVM information:
    VM Name: Java HotSpot(TM) 64-Bit Server VM
    VM Vendor: Oracle Corporation
    VM Version: 25.45-b02
    JIT compiler: HotSpot 64-Bit Tiered Compilers
    VM Arguments: [-Dfile.encoding=UTF-8]
2015-12-01 00:12:23.790+0000 INFO  [org.neo4j]: Java classpath:
     [bootstrap] /usr/lib/jvm/java-8-oracle/jre/lib/charsets.jar
     [classpath + loader.0] file:/home/kidpolos/Escritorio/neo4j-community-2.2.4/lib/neo4j-unsafe-2.2.4.jar
     [classpath + loader.0] file:/home/kidpolos/Escritorio/neo4j-community-2.2.4/lib/opencsv-2.3.jar
     [loader.1] file:/usr/lib/jvm/java-8-oracle/jre/lib/ext/zipfs.jar
     [loader.1] file:/usr/lib/jvm/java-8-oracle/jre/lib/ext/jfxrt.jar
     [bootstrap] /usr/lib/jvm/java-8-oracle/jre/lib/jce.jar
     [loader.1] file:/usr/lib/jvm/java-8-oracle/jre/lib/ext/sunjce_provider.jar
     [classpath + loader.0] file:/home/kidpolos/Escritorio/neo4j-community-2.2.4/lib/neo4j-primitive-collections-2.2.4.jar
     [classpath + loader.0] file:/home/kidpolos/Escritorio/neo4j-community-2.2.4/lib/neo4j-graph-matching-2.2.4.jar
     [classpath + loader.0] file:/home/kidpolos/Escritorio/neo4j-community-2.2.4/lib/neo4j-udc-2.2.4.jar
     [classpath + loader.0] file:/home/kidpolos/Escritorio/neo4j-community-2.2.4/lib/neo4j-cypher-compiler-2.2-2.2.4.jar
     [classpath + loader.0] file:/home/kidpolos/Escritorio/neo4j-community-2.2.4/lib/neo4j-jmx-2.2.4.jar
     [classpath + loader.0] file:/home/kidpolos/Escritorio/neo4j-community-2.2.4/lib/neo4j-io-2.2.4.jar
     [bootstrap] /usr/lib/jvm/java-8-oracle/jre/classes
     [classpath + loader.0] file:/home/kidpolos/Escritorio/neo4j-community-2.2.4/lib/neo4j-consistency-check-2.2.4.jar
     [bootstrap] /usr/lib/jvm/java-8-oracle/jre/lib/jfr.jar
     [classpath + loader.0] file:/home/kidpolos/workspace/TABD-Final-Proyect/bin/
     [classpath + loader.0] file:/home/kidpolos/Escritorio/neo4j-community-2.2.4/lib/neo4j-csv-2.2.4.jar
     [classpath + loader.0] file:/home/kidpolos/Escritorio/neo4j-community-2.2.4/lib/neo4j-shell-2.2.4.jar
     [classpath + loader.0] file:/home/kidpolos/Escritorio/neo4j-community-2.2.4/lib/neo4j-cypher-compiler-2.1-2.1.8.jar
     [classpath + loader.0] file:/home/kidpolos/Escritorio/neo4j-community-2.2.4/lib/scala-library-2.10.5.jar
     [classpath + loader.0] file:/home/kidpolos/Escritorio/neo4j-community-2.2.4/lib/server-api-2.2.4.jar
     [classpath + loader.0] file:/home/kidpolos/Escritorio/neo4j-community-2.2.4/lib/neo4j-cypher-compiler-2.0-2.0.4.jar
     [classpath + loader.0] file:/home/kidpolos/Escritorio/neo4j-community-2.2.4/lib/neo4j-graph-algo-2.2.4.jar
     [classpath + loader.0] file:/home/kidpolos/Escritorio/neo4j-community-2.2.4/lib/org.apache.servicemix.bundles.jline-0.9.94_1.jar
     [loader.1] file:/usr/lib/jvm/java-8-oracle/jre/lib/ext/sunpkcs11.jar
     [classpath + loader.0] file:/home/kidpolos/Escritorio/neo4j-community-2.2.4/lib/neo4j-cypher-2.2.4.jar
     [classpath + loader.0] file:/home/kidpolos/Escritorio/neo4j-community-2.2.4/lib/neo4j-cypher-compiler-1.9-2.0.4.jar
     [loader.1] file:/usr/lib/jvm/java-8-oracle/jre/lib/ext/nashorn.jar
     [loader.1] file:/usr/lib/jvm/java-8-oracle/jre/lib/ext/dnsns.jar
     [classpath + loader.0] file:/home/kidpolos/Escritorio/neo4j-community-2.2.4/lib/parboiled-scala_2.10-1.1.7.jar
     [classpath + loader.0] file:/home/kidpolos/Escritorio/neo4j-community-2.2.4/lib/concurrentlinkedhashmap-lru-1.4.jar
     [classpath + loader.0] file:/home/kidpolos/Escritorio/neo4j-community-2.2.4/lib/parboiled-core-1.1.7.jar
     [bootstrap] /usr/lib/jvm/java-8-oracle/jre/lib/sunrsasign.jar
     [bootstrap] /usr/lib/jvm/java-8-oracle/jre/lib/rt.jar
     [bootstrap] /usr/lib/jvm/java-8-oracle/jre/lib/resources.jar
     [classpath + loader.0] file:/home/kidpolos/Escritorio/mongo-java-driver-3.0.4-javadoc.jar
     [bootstrap] /usr/lib/jvm/java-8-oracle/jre/lib/jsse.jar
     [loader.1] file:/usr/lib/jvm/java-8-oracle/jre/lib/ext/localedata.jar
     [classpath + loader.0] file:/home/kidpolos/Escritorio/neo4j-community-2.2.4/lib/neo4j-lucene-index-2.2.4.jar
     [classpath + loader.0] file:/home/kidpolos/Escritorio/neo4j-community-2.2.4/lib/neo4j-import-tool-2.2.4.jar
     [loader.1] file:/usr/lib/jvm/java-8-oracle/jre/lib/ext/cldrdata.jar
     [classpath + loader.0] file:/home/kidpolos/Escritorio/mongo-java-driver-3.0.4.jar
     [classpath + loader.0] file:/home/kidpolos/Escritorio/mongo-java-driver-3.0.4-sources.jar
     [classpath + loader.0] file:/home/kidpolos/Escritorio/neo4j-community-2.2.4/lib/neo4j-kernel-2.2.4.jar
     [loader.1] file:/usr/lib/jvm/java-8-oracle/jre/lib/ext/sunec.jar
     [classpath + loader.0] file:/home/kidpolos/Escritorio/neo4j-community-2.2.4/lib/lucene-core-3.6.2.jar
2015-12-01 00:12:23.808+0000 INFO  [org.neo4j]: Library path:
    /home/kidpolos/torch/install/lib
    /home/kidpolos/workspace/TABD-Final-Proyect
    /usr/java/packages/lib/amd64
    /usr/lib64
    /lib64
    /lib
    /usr/lib
2015-12-01 00:12:23.809+0000 INFO  [org.neo4j]: System.properties:
    sun.boot.library.path = /usr/lib/jvm/java-8-oracle/jre/lib/amd64
    path.separator = :
    file.encoding.pkg = sun.io
    user.country = CL
    sun.java.launcher = SUN_STANDARD
    sun.os.patch.level = unknown
    user.dir = /home/kidpolos/workspace/TABD-Final-Proyect
    sun.jnu.encoding = UTF-8
    sun.management.compiler = HotSpot 64-Bit Tiered Compilers
    user.home = /home/kidpolos
    user.timezone = America/Santiago
    file.encoding = UTF-8
    user.name = kidpolos
    sun.java.command = main
    sun.arch.data.model = 64
    user.language = es
    awt.toolkit = sun.awt.X11.XToolkit
    file.separator = /
    sun.io.unicode.encoding = UnicodeLittle
    sun.cpu.endian = little
    sun.desktop = gnome
    sun.cpu.isalist = 
2015-12-01 00:12:23.811+0000 INFO  [org.neo4j]: Linux scheduler information:
    noop [deadline] cfq 
    noop [deadline] cfq 
    none
    none
    none
    none
    none
    none
    none
    none
    none
    none
    none
    none
    none
    none
    none
    none
    none
    none
    none
    none
    none
    none
    none
    none
2015-12-01 00:12:23.820+0000 INFO  [org.neo4j]: Network information:
    Interface docker0:
        address: 172.17.42.1
    Interface wlan0:
        address: fe80:0:0:0:aee0:10ff:fe21:40bb%wlan0
        address: fd61:f8ee:ad55:0:aee0:10ff:fe21:40bb%wlan0
        address: fd61:f8ee:ad55:0:40f7:45e6:cf:7db9%wlan0
        address: 192.168.1.117
    Interface lo:
        address: 0:0:0:0:0:0:0:1%lo
        address: 127.0.0.1
2015-12-01 00:12:23.822+0000 INFO  [org.neo4j]: --- INITIALIZED diagnostics END ---
2015-12-01 00:12:25.008+0000 INFO  [org.neo4j]: Opened logical log [grafos/neostore.transaction.db.4] version=4, lastTxId=6 (clean)
2015-12-01 00:12:25.033+0000 INFO  [org.neo4j]: Kernel health set to OK
2015-12-01 00:12:26.071+0000 INFO  [org.neo4j]: --- STARTED diagnostics for KernelDiagnostics:Versions START ---
2015-12-01 00:12:26.071+0000 INFO  [org.neo4j]: Graph Database: org.neo4j.kernel.EmbeddedGraphDatabase StoreId{creationTime=1448928048993, randomId=6889320943239254676, storeVersion=14969031248344582, upgradeTime=1448928048993, upgradeId=1}
2015-12-01 00:12:26.072+0000 INFO  [org.neo4j]: Kernel version: Neo4j - Graph Database Kernel (neo4j-kernel), version: 2.2.4
2015-12-01 00:12:26.072+0000 INFO  [org.neo4j]: Neo4j component versions:
2015-12-01 00:12:26.086+0000 INFO  [org.neo4j]:   Neo4j - Cypher Compiler 1.9 (neo4j-cypher-compiler-1.9), version: 2.0.4; revision: 2.0.4:2.0-maint:130/4a7d10bc274a5d26a180bbe9df25100e8a694748
2015-12-01 00:12:26.087+0000 INFO  [org.neo4j]:   Neo4j - Consistency Checker (neo4j-consistency-check), version: 2.2.4; revision: 2.2.4:2.2:110/57edd480e2d0684ccdc602ad736c5da7812daa99-dirty
2015-12-01 00:12:26.087+0000 INFO  [org.neo4j]:   Neo4j - Cypher Compiler 2.2 (neo4j-cypher-compiler-2.2), version: 2.2.4; revision: 2.2.4:2.2:110/57edd480e2d0684ccdc602ad736c5da7812daa99-dirty
2015-12-01 00:12:26.087+0000 INFO  [org.neo4j]:   Neo4j - Import Command Line Tool (neo4j-import-tool), version: 2.2.4; revision: 2.2.4:2.2:110/57edd480e2d0684ccdc602ad736c5da7812daa99-dirty
2015-12-01 00:12:26.087+0000 INFO  [org.neo4j]:   Neo4j - Server API (server-api), version: 2.2.4; revision: 2.2.4:2.2:110/57edd480e2d0684ccdc602ad736c5da7812daa99-dirty
2015-12-01 00:12:26.087+0000 INFO  [org.neo4j]:   Neo4j - Graph Database Kernel (neo4j-kernel), version: 2.2.4; revision: 2.2.4:2.2:110/57edd480e2d0684ccdc602ad736c5da7812daa99-dirty
2015-12-01 00:12:26.087+0000 INFO  [org.neo4j]:   Neo4j - Cypher Compiler 2.1 (neo4j-cypher-compiler-2.1), version: 2.1.8; revision: 2.1.8:2.1-maint:687/5c83ce3a5ddf33259593f719153ce71a6fe89fc7
2015-12-01 00:12:26.088+0000 INFO  [org.neo4j]:   Neo4j - Generic shell (neo4j-shell), version: 2.2.4; revision: 2.2.4:2.2:110/57edd480e2d0684ccdc602ad736c5da7812daa99-dirty
2015-12-01 00:12:26.088+0000 INFO  [org.neo4j]:   neo4j-udc, version: 2.2.4; revision: 2.2.4:2.2:110/57edd480e2d0684ccdc602ad736c5da7812daa99-dirty
2015-12-01 00:12:26.088+0000 INFO  [org.neo4j]:   Neo4j - Lucene Index (neo4j-lucene-index), version: 2.2.4; revision: 2.2.4:2.2:110/57edd480e2d0684ccdc602ad736c5da7812daa99-dirty
2015-12-01 00:12:26.088+0000 INFO  [org.neo4j]:   Neo4j - Cypher Compiler 2.0 (neo4j-cypher-compiler-2.0), version: 2.0.4; revision: 2.0.4:2.0-maint:130/4a7d10bc274a5d26a180bbe9df25100e8a694748
2015-12-01 00:12:26.088+0000 INFO  [org.neo4j]:   Neo4j - Graph Matching (neo4j-graph-matching), version: 2.2.4; revision: 2.2.4:2.2:110/57edd480e2d0684ccdc602ad736c5da7812daa99-dirty
2015-12-01 00:12:26.088+0000 INFO  [org.neo4j]:   Neo4j - JMX support (neo4j-jmx), version: 2.2.4; revision: 2.2.4:2.2:110/57edd480e2d0684ccdc602ad736c5da7812daa99-dirty
2015-12-01 00:12:26.089+0000 INFO  [org.neo4j]:   Neo4j - Cypher (neo4j-cypher), version: 2.2.4; revision: 2.2.4:2.2:110/57edd480e2d0684ccdc602ad736c5da7812daa99-dirty
2015-12-01 00:12:26.089+0000 INFO  [org.neo4j]:   Neo4j - Graph Algorithms (neo4j-graph-algo), version: 2.2.4; revision: 2.2.4:2.2:110/57edd480e2d0684ccdc602ad736c5da7812daa99-dirty
2015-12-01 00:12:26.089+0000 INFO  [org.neo4j]: --- STARTED diagnostics for KernelDiagnostics:Versions END ---
2015-12-01 00:12:26.093+0000 INFO  [org.neo4j]: --- STARTED diagnostics for NEO_STORE_VERSIONS START ---
2015-12-01 00:12:26.094+0000 INFO  [org.neo4j]: Store versions:
    Store versions:
      NeoStore v0.A.5
      SchemaStore v0.A.5
      NodeStore v0.A.5
      RelationshipStore v0.A.5
      RelationshipTypeStore v0.A.5
      LabelTokenStore v0.A.5
      PropertyStore v0.A.5
      PropertyIndexStore v0.A.5
      StringPropertyStore v0.A.5
      ArrayPropertyStore v0.A.5
      RelationshipGroupStore v0.A.5
2015-12-01 00:12:26.095+0000 INFO  [org.neo4j]: --- STARTED diagnostics for NEO_STORE_VERSIONS END ---
2015-12-01 00:12:26.095+0000 INFO  [org.neo4j]: --- STARTED diagnostics for NEO_STORE_ID_USAGE START ---
2015-12-01 00:12:26.095+0000 INFO  [org.neo4j]: Id usage:
    Id usage:
      SchemaStore: used=1 high=0
      NodeStore: used=31 high=30
      RelationshipStore: used=178 high=177
      RelationshipTypeStore: used=2 high=1
      LabelTokenStore: used=0 high=-1
      PropertyStore: used=31 high=30
      PropertyIndexStore: used=2 high=1
      StringPropertyStore: used=1 high=0
      ArrayPropertyStore: used=1 high=0
      RelationshipGroupStore: used=1 high=0
2015-12-01 00:12:26.099+0000 INFO  [org.neo4j]: --- STARTED diagnostics for NEO_STORE_ID_USAGE END ---
2015-12-01 00:12:26.100+0000 INFO  [org.neo4j]: --- STARTED diagnostics for KernelDiagnostics:StoreFiles START ---
2015-12-01 00:12:26.100+0000 INFO  [org.neo4j]: Disk space on partition (Total / Free / Free %): 487490379776 / 453977939968 / 93
Storage files: (filename : modification date - size)
      index:
      - Total: 2015-11-30T21:00:48-0300 - 0,00 B
      lock: 2015-11-30T21:12:24-0300 - 0,00 B
      messages.log: 2015-11-30T21:12:26-0300 - 92,68 kB
      neostore: 2015-11-30T21:12:24-0300 - 99,00 B
      neostore.counts.db.a: 2015-11-30T21:04:52-0300 - 242,00 B
      neostore.counts.db.b: 2015-11-30T21:00:56-0300 - 242,00 B
      neostore.id: 2015-11-30T21:12:24-0300 - 9,00 B
      neostore.labeltokenstore.db: 2015-11-30T21:12:24-0300 - 0,00 B
      neostore.labeltokenstore.db.id: 2015-11-30T21:12:24-0300 - 9,00 B
      neostore.labeltokenstore.db.names: 2015-11-30T21:12:24-0300 - 38,00 B
      neostore.labeltokenstore.db.names.id: 2015-11-30T21:12:24-0300 - 9,00 B
      neostore.nodestore.db: 2015-11-30T21:12:24-0300 - 465,00 B
      neostore.nodestore.db.id: 2015-11-30T21:12:24-0300 - 9,00 B
      neostore.nodestore.db.labels: 2015-11-30T21:12:24-0300 - 68,00 B
      neostore.nodestore.db.labels.id: 2015-11-30T21:12:24-0300 - 9,00 B
      neostore.propertystore.db: 2015-11-30T21:12:24-0300 - 1,24 kB
      neostore.propertystore.db.arrays: 2015-11-30T21:12:24-0300 - 128,00 B
      neostore.propertystore.db.arrays.id: 2015-11-30T21:12:24-0300 - 9,00 B
      neostore.propertystore.db.id: 2015-11-30T21:12:24-0300 - 9,00 B
      neostore.propertystore.db.index: 2015-11-30T21:12:24-0300 - 18,00 B
      neostore.propertystore.db.index.id: 2015-11-30T21:12:24-0300 - 9,00 B
      neostore.propertystore.db.index.keys: 2015-11-30T21:12:24-0300 - 114,00 B
      neostore.propertystore.db.index.keys.id: 2015-11-30T21:12:24-0300 - 9,00 B
      neostore.propertystore.db.strings: 2015-11-30T21:12:24-0300 - 128,00 B
      neostore.propertystore.db.strings.id: 2015-11-30T21:12:24-0300 - 9,00 B
      neostore.relationshipgroupstore.db: 2015-11-30T21:12:24-0300 - 25,00 B
      neostore.relationshipgroupstore.db.id: 2015-11-30T21:12:24-0300 - 9,00 B
      neostore.relationshipstore.db: 2015-11-30T21:12:24-0300 - 5,91 kB
      neostore.relationshipstore.db.id: 2015-11-30T21:12:24-0300 - 9,00 B
      neostore.relationshiptypestore.db: 2015-11-30T21:12:24-0300 - 10,00 B
      neostore.relationshiptypestore.db.id: 2015-11-30T21:12:24-0300 - 9,00 B
      neostore.relationshiptypestore.db.names: 2015-11-30T21:12:24-0300 - 114,00 B
      neostore.relationshiptypestore.db.names.id: 2015-11-30T21:12:24-0300 - 9,00 B
      neostore.schemastore.db: 2015-11-30T21:12:24-0300 - 64,00 B
      neostore.schemastore.db.id: 2015-11-30T21:12:24-0300 - 9,00 B
      neostore.transaction.db.0: 2015-11-30T21:00:56-0300 - 17,08 kB
      neostore.transaction.db.1: 2015-11-30T21:04:52-0300 - 123,00 B
      neostore.transaction.db.2: 2015-11-30T21:06:15-0300 - 16,00 B
      neostore.transaction.db.3: 2015-11-30T21:09:35-0300 - 16,00 B
      neostore.transaction.db.4: 2015-11-30T21:12:25-0300 - 16,00 B
      schema:
        label:
          lucene:
            segments.gen: 2015-11-30T21:00:56-0300 - 20,00 B
            segments_1: 2015-11-30T21:00:56-0300 - 32,00 B
            write.lock: 2015-11-30T21:12:24-0300 - 0,00 B
          - Total: 2015-11-30T21:12:24-0300 - 52,00 B
        - Total: 2015-11-30T21:00:53-0300 - 52,00 B
      - Total: 2015-11-30T21:00:53-0300 - 52,00 B
      store_lock: 2015-11-30T21:00:48-0300 - 0,00 B
2015-12-01 00:12:26.126+0000 INFO  [org.neo4j]: --- STARTED diagnostics for KernelDiagnostics:StoreFiles END ---
2015-12-01 00:12:26.254+0000 INFO  [org.neo4j]: Database is now ready
2015-12-01 00:12:29.613+0000 INFO  [org.neo4j]: Shutdown started
2015-12-01 00:12:29.614+0000 INFO  [org.neo4j]: Database is now unavailable
2015-12-01 00:12:30.710+0000 INFO  [org.neo4j]: NeoStore closed
2015-12-01 00:12:30.710+0000 INFO  [org.neo4j]: --- STOPPING diagnostics START ---
2015-12-01 00:12:30.710+0000 INFO  [org.neo4j]: --- STOPPING diagnostics END ---
