2015-11-24 03:09:26.201+0000 INFO  [o.n.k.i.f.CommunityFacadeFactory] No locking implementation specified, defaulting to 'community'
2015-11-24 03:09:26.439+0000 INFO  [o.n.k.AvailabilityGuard] Requirement makes database unavailable: Database available
2015-11-24 03:09:26.452+0000 INFO  [o.n.k.i.DiagnosticsManager] --- INITIALIZED diagnostics START ---
2015-11-24 03:09:26.452+0000 INFO  [o.n.k.i.DiagnosticsManager] Neo4j Kernel properties:
2015-11-24 03:09:26.453+0000 INFO  [o.n.k.i.DiagnosticsManager] ephemeral=false
2015-11-24 03:09:26.453+0000 INFO  [o.n.k.i.DiagnosticsManager] edition=Community
2015-11-24 03:09:26.453+0000 INFO  [o.n.k.i.DiagnosticsManager] Diagnostics providers:
2015-11-24 03:09:26.453+0000 INFO  [o.n.k.i.DiagnosticsManager] org.neo4j.kernel.configuration.Config
2015-11-24 03:09:26.454+0000 INFO  [o.n.k.i.DiagnosticsManager] org.neo4j.kernel.info.DiagnosticsManager
2015-11-24 03:09:26.454+0000 INFO  [o.n.k.i.DiagnosticsManager] SYSTEM_MEMORY
2015-11-24 03:09:26.454+0000 INFO  [o.n.k.i.DiagnosticsManager] JAVA_MEMORY
2015-11-24 03:09:26.454+0000 INFO  [o.n.k.i.DiagnosticsManager] OPERATING_SYSTEM
2015-11-24 03:09:26.454+0000 INFO  [o.n.k.i.DiagnosticsManager] JAVA_VIRTUAL_MACHINE
2015-11-24 03:09:26.454+0000 INFO  [o.n.k.i.DiagnosticsManager] CLASSPATH
2015-11-24 03:09:26.455+0000 INFO  [o.n.k.i.DiagnosticsManager] LIBRARY_PATH
2015-11-24 03:09:26.455+0000 INFO  [o.n.k.i.DiagnosticsManager] SYSTEM_PROPERTIES
2015-11-24 03:09:26.455+0000 INFO  [o.n.k.i.DiagnosticsManager] LINUX_SCHEDULERS
2015-11-24 03:09:26.455+0000 INFO  [o.n.k.i.DiagnosticsManager] NETWORK
2015-11-24 03:09:26.455+0000 INFO  [o.n.k.i.DiagnosticsManager] System memory information:
2015-11-24 03:09:26.479+0000 INFO  [o.n.k.i.DiagnosticsManager] Total Physical memory: 3,74 GB
2015-11-24 03:09:26.481+0000 INFO  [o.n.k.i.DiagnosticsManager] Free Physical memory: 815,50 MB
2015-11-24 03:09:26.481+0000 INFO  [o.n.k.i.DiagnosticsManager] Committed virtual memory: 3,25 GB
2015-11-24 03:09:26.482+0000 INFO  [o.n.k.i.DiagnosticsManager] Total swap space: 3,88 GB
2015-11-24 03:09:26.483+0000 INFO  [o.n.k.i.DiagnosticsManager] Free swap space: 3,84 GB
2015-11-24 03:09:26.483+0000 INFO  [o.n.k.i.DiagnosticsManager] JVM memory information:
2015-11-24 03:09:26.483+0000 INFO  [o.n.k.i.DiagnosticsManager] Free  memory: 34,23 MB
2015-11-24 03:09:26.484+0000 INFO  [o.n.k.i.DiagnosticsManager] Total memory: 57,50 MB
2015-11-24 03:09:26.484+0000 INFO  [o.n.k.i.DiagnosticsManager] Max   memory: 853,50 MB
2015-11-24 03:09:26.485+0000 INFO  [o.n.k.i.DiagnosticsManager] Garbage Collector: PS Scavenge: [PS Eden Space, PS Survivor Space]
2015-11-24 03:09:26.485+0000 INFO  [o.n.k.i.DiagnosticsManager] Garbage Collector: PS MarkSweep: [PS Eden Space, PS Survivor Space, PS Old Gen]
2015-11-24 03:09:26.486+0000 INFO  [o.n.k.i.DiagnosticsManager] Memory Pool: Code Cache (Non-heap memory): committed=3,19 MB, used=3,13 MB, max=240,00 MB, threshold=0,00 B
2015-11-24 03:09:26.488+0000 INFO  [o.n.k.i.DiagnosticsManager] Memory Pool: Metaspace (Non-heap memory): committed=10,75 MB, used=10,43 MB, max=-1,00 B, threshold=0,00 B
2015-11-24 03:09:26.489+0000 INFO  [o.n.k.i.DiagnosticsManager] Memory Pool: Compressed Class Space (Non-heap memory): committed=1,50 MB, used=1,39 MB, max=1,00 GB, threshold=0,00 B
2015-11-24 03:09:26.490+0000 INFO  [o.n.k.i.DiagnosticsManager] Memory Pool: PS Eden Space (Heap memory): committed=15,00 MB, used=11,26 MB, max=315,00 MB, threshold=?
2015-11-24 03:09:26.491+0000 INFO  [o.n.k.i.DiagnosticsManager] Memory Pool: PS Survivor Space (Heap memory): committed=2,50 MB, used=2,49 MB, max=2,50 MB, threshold=?
2015-11-24 03:09:26.492+0000 INFO  [o.n.k.i.DiagnosticsManager] Memory Pool: PS Old Gen (Heap memory): committed=40,00 MB, used=9,52 MB, max=640,00 MB, threshold=0,00 B
2015-11-24 03:09:26.492+0000 INFO  [o.n.k.i.DiagnosticsManager] Operating system information:
2015-11-24 03:09:26.493+0000 INFO  [o.n.k.i.DiagnosticsManager] Operating System: Linux; version: 3.19.0-32-generic; arch: amd64; cpus: 2
2015-11-24 03:09:26.493+0000 INFO  [o.n.k.i.DiagnosticsManager] Max number of file descriptors: 64,00 kB
2015-11-24 03:09:26.494+0000 INFO  [o.n.k.i.DiagnosticsManager] Number of open file descriptors: 51,00 B
2015-11-24 03:09:26.494+0000 INFO  [o.n.k.i.DiagnosticsManager] Process id: 5104@Sebastian-NTBK
2015-11-24 03:09:26.494+0000 INFO  [o.n.k.i.DiagnosticsManager] Byte order: LITTLE_ENDIAN
2015-11-24 03:09:26.495+0000 INFO  [o.n.k.i.DiagnosticsManager] Local timezone: America/Santiago
2015-11-24 03:09:26.495+0000 INFO  [o.n.k.i.DiagnosticsManager] JVM information:
2015-11-24 03:09:26.495+0000 INFO  [o.n.k.i.DiagnosticsManager] VM Name: Java HotSpot(TM) 64-Bit Server VM
2015-11-24 03:09:26.495+0000 INFO  [o.n.k.i.DiagnosticsManager] VM Vendor: Oracle Corporation
2015-11-24 03:09:26.495+0000 INFO  [o.n.k.i.DiagnosticsManager] VM Version: 25.45-b02
2015-11-24 03:09:26.496+0000 INFO  [o.n.k.i.DiagnosticsManager] JIT compiler: HotSpot 64-Bit Tiered Compilers
2015-11-24 03:09:26.500+0000 INFO  [o.n.k.i.DiagnosticsManager] VM Arguments: [-Dfile.encoding=UTF-8]
2015-11-24 03:09:26.500+0000 INFO  [o.n.k.i.DiagnosticsManager] Java classpath:
2015-11-24 03:09:26.504+0000 INFO  [o.n.k.i.DiagnosticsManager]  [classpath + loader.0] file:/home/kidpolos/Escritorio/neo4j-community-2.3.1/lib/neo4j-import-tool-2.3.1.jar
2015-11-24 03:09:26.504+0000 INFO  [o.n.k.i.DiagnosticsManager]  [classpath + loader.0] file:/home/kidpolos/Escritorio/neo4j-community-2.3.1/lib/lucene-core-3.6.2.jar
2015-11-24 03:09:26.504+0000 INFO  [o.n.k.i.DiagnosticsManager]  [classpath + loader.0] file:/home/kidpolos/Escritorio/neo4j-community-2.3.1/lib/scala-reflect-2.11.7.jar
2015-11-24 03:09:26.504+0000 INFO  [o.n.k.i.DiagnosticsManager]  [loader.1] file:/usr/lib/jvm/java-8-oracle/jre/lib/ext/zipfs.jar
2015-11-24 03:09:26.504+0000 INFO  [o.n.k.i.DiagnosticsManager]  [loader.1] file:/usr/lib/jvm/java-8-oracle/jre/lib/ext/jfxrt.jar
2015-11-24 03:09:26.504+0000 INFO  [o.n.k.i.DiagnosticsManager]  [bootstrap] /usr/lib/jvm/java-8-oracle/jre/lib/jce.jar
2015-11-24 03:09:26.504+0000 INFO  [o.n.k.i.DiagnosticsManager]  [classpath + loader.0] file:/home/kidpolos/Escritorio/neo4j-community-2.3.1/lib/neo4j-logging-2.3.1.jar
2015-11-24 03:09:26.504+0000 INFO  [o.n.k.i.DiagnosticsManager]  [classpath + loader.0] file:/home/kidpolos/Escritorio/neo4j-community-2.3.1/lib/neo4j-csv-2.3.1.jar
2015-11-24 03:09:26.505+0000 INFO  [o.n.k.i.DiagnosticsManager]  [classpath + loader.0] file:/home/kidpolos/Escritorio/neo4j-community-2.3.1/lib/neo4j-cypher-compiler-1.9_2.11-2.0.5.jar
2015-11-24 03:09:26.505+0000 INFO  [o.n.k.i.DiagnosticsManager]  [classpath + loader.0] file:/home/kidpolos/Escritorio/neo4j-community-2.3.1/lib/scala-library-2.11.7.jar
2015-11-24 03:09:26.505+0000 INFO  [o.n.k.i.DiagnosticsManager]  [classpath + loader.0] file:/home/kidpolos/Escritorio/neo4j-community-2.3.1/lib/neo4j-jmx-2.3.1.jar
2015-11-24 03:09:26.505+0000 INFO  [o.n.k.i.DiagnosticsManager]  [classpath + loader.0] file:/home/kidpolos/Escritorio/neo4j-community-2.3.1/lib/neo4j-lucene-index-2.3.1.jar
2015-11-24 03:09:26.505+0000 INFO  [o.n.k.i.DiagnosticsManager]  [classpath + loader.0] file:/home/kidpolos/Escritorio/neo4j-community-2.3.1/lib/neo4j-cypher-frontend-2.3-2.3.1.jar
2015-11-24 03:09:26.505+0000 INFO  [o.n.k.i.DiagnosticsManager]  [classpath + loader.0] file:/home/kidpolos/Escritorio/neo4j-community-2.3.1/lib/parboiled-scala_2.11-1.1.7.jar
2015-11-24 03:09:26.505+0000 INFO  [o.n.k.i.DiagnosticsManager]  [bootstrap] /usr/lib/jvm/java-8-oracle/jre/lib/jfr.jar
2015-11-24 03:09:26.505+0000 INFO  [o.n.k.i.DiagnosticsManager]  [classpath + loader.0] file:/home/kidpolos/workspace/TABD-Final-Proyect/bin/
2015-11-24 03:09:26.506+0000 INFO  [o.n.k.i.DiagnosticsManager]  [classpath + loader.0] file:/home/kidpolos/Escritorio/neo4j-community-2.3.1/lib/neo4j-cypher-compiler-2.2_2.11-2.2.6.jar
2015-11-24 03:09:26.506+0000 INFO  [o.n.k.i.DiagnosticsManager]  [loader.1] file:/usr/lib/jvm/java-8-oracle/jre/lib/ext/sunpkcs11.jar
2015-11-24 03:09:26.506+0000 INFO  [o.n.k.i.DiagnosticsManager]  [classpath + loader.0] file:/home/kidpolos/Escritorio/neo4j-community-2.3.1/lib/jline-2.12.jar
2015-11-24 03:09:26.506+0000 INFO  [o.n.k.i.DiagnosticsManager]  [bootstrap] /usr/lib/jvm/java-8-oracle/jre/lib/rt.jar
2015-11-24 03:09:26.506+0000 INFO  [o.n.k.i.DiagnosticsManager]  [classpath + loader.0] file:/home/kidpolos/Escritorio/mongo-java-driver-3.0.4-javadoc.jar
2015-11-24 03:09:26.506+0000 INFO  [o.n.k.i.DiagnosticsManager]  [bootstrap] /usr/lib/jvm/java-8-oracle/jre/lib/jsse.jar
2015-11-24 03:09:26.506+0000 INFO  [o.n.k.i.DiagnosticsManager]  [classpath + loader.0] file:/home/kidpolos/Escritorio/neo4j-community-2.3.1/lib/parboiled-core-1.1.7.jar
2015-11-24 03:09:26.507+0000 INFO  [o.n.k.i.DiagnosticsManager]  [loader.1] file:/usr/lib/jvm/java-8-oracle/jre/lib/ext/cldrdata.jar
2015-11-24 03:09:26.507+0000 INFO  [o.n.k.i.DiagnosticsManager]  [classpath + loader.0] file:/home/kidpolos/Escritorio/mongo-java-driver-3.0.4-sources.jar
2015-11-24 03:09:26.507+0000 INFO  [o.n.k.i.DiagnosticsManager]  [loader.1] file:/usr/lib/jvm/java-8-oracle/jre/lib/ext/sunec.jar
2015-11-24 03:09:26.507+0000 INFO  [o.n.k.i.DiagnosticsManager]  [bootstrap] /usr/lib/jvm/java-8-oracle/jre/lib/charsets.jar
2015-11-24 03:09:26.507+0000 INFO  [o.n.k.i.DiagnosticsManager]  [classpath + loader.0] file:/home/kidpolos/Escritorio/neo4j-community-2.3.1/lib/neo4j-io-2.3.1.jar
2015-11-24 03:09:26.507+0000 INFO  [o.n.k.i.DiagnosticsManager]  [classpath + loader.0] file:/home/kidpolos/Escritorio/neo4j-community-2.3.1/lib/neo4j-graph-matching-2.3.1.jar
2015-11-24 03:09:26.507+0000 INFO  [o.n.k.i.DiagnosticsManager]  [classpath + loader.0] file:/home/kidpolos/Escritorio/neo4j-community-2.3.1/lib/concurrentlinkedhashmap-lru-1.4.2.jar
2015-11-24 03:09:26.507+0000 INFO  [o.n.k.i.DiagnosticsManager]  [classpath + loader.0] file:/home/kidpolos/Escritorio/neo4j-community-2.3.1/lib/neo4j-consistency-check-2.3.1.jar
2015-11-24 03:09:26.508+0000 INFO  [o.n.k.i.DiagnosticsManager]  [classpath + loader.0] file:/home/kidpolos/Escritorio/neo4j-community-2.3.1/lib/neo4j-cypher-compiler-2.3-2.3.1.jar
2015-11-24 03:09:26.508+0000 INFO  [o.n.k.i.DiagnosticsManager]  [classpath + loader.0] file:/home/kidpolos/Escritorio/neo4j-community-2.3.1/lib/neo4j-unsafe-2.3.1.jar
2015-11-24 03:09:26.508+0000 INFO  [o.n.k.i.DiagnosticsManager]  [classpath + loader.0] file:/home/kidpolos/Escritorio/neo4j-community-2.3.1/lib/neo4j-codegen-2.3.1.jar
2015-11-24 03:09:26.508+0000 INFO  [o.n.k.i.DiagnosticsManager]  [loader.1] file:/usr/lib/jvm/java-8-oracle/jre/lib/ext/sunjce_provider.jar
2015-11-24 03:09:26.508+0000 INFO  [o.n.k.i.DiagnosticsManager]  [classpath + loader.0] file:/home/kidpolos/Escritorio/neo4j-community-2.3.1/lib/neo4j-udc-2.3.1.jar
2015-11-24 03:09:26.508+0000 INFO  [o.n.k.i.DiagnosticsManager]  [bootstrap] /usr/lib/jvm/java-8-oracle/jre/classes
2015-11-24 03:09:26.509+0000 INFO  [o.n.k.i.DiagnosticsManager]  [classpath + loader.0] file:/home/kidpolos/Escritorio/neo4j-community-2.3.1/lib/neo4j-consistency-check-legacy-2.3.1.jar
2015-11-24 03:09:26.509+0000 INFO  [o.n.k.i.DiagnosticsManager]  [classpath + loader.0] file:/home/kidpolos/Escritorio/neo4j-community-2.3.1/lib/server-api-2.3.1.jar
2015-11-24 03:09:26.509+0000 INFO  [o.n.k.i.DiagnosticsManager]  [classpath + loader.0] file:/home/kidpolos/Escritorio/neo4j-community-2.3.1/lib/opencsv-2.3.jar
2015-11-24 03:09:26.509+0000 INFO  [o.n.k.i.DiagnosticsManager]  [loader.1] file:/usr/lib/jvm/java-8-oracle/jre/lib/ext/nashorn.jar
2015-11-24 03:09:26.509+0000 INFO  [o.n.k.i.DiagnosticsManager]  [classpath + loader.0] file:/home/kidpolos/Escritorio/neo4j-community-2.3.1/lib/neo4j-function-2.3.1.jar
2015-11-24 03:09:26.509+0000 INFO  [o.n.k.i.DiagnosticsManager]  [loader.1] file:/usr/lib/jvm/java-8-oracle/jre/lib/ext/dnsns.jar
2015-11-24 03:09:26.509+0000 INFO  [o.n.k.i.DiagnosticsManager]  [classpath + loader.0] file:/home/kidpolos/Escritorio/neo4j-community-2.3.1/lib/neo4j-cypher-2.3.1.jar
2015-11-24 03:09:26.509+0000 INFO  [o.n.k.i.DiagnosticsManager]  [bootstrap] /usr/lib/jvm/java-8-oracle/jre/lib/sunrsasign.jar
2015-11-24 03:09:26.509+0000 INFO  [o.n.k.i.DiagnosticsManager]  [bootstrap] /usr/lib/jvm/java-8-oracle/jre/lib/resources.jar
2015-11-24 03:09:26.510+0000 INFO  [o.n.k.i.DiagnosticsManager]  [classpath + loader.0] file:/home/kidpolos/Escritorio/neo4j-community-2.3.1/lib/neo4j-kernel-2.3.1.jar
2015-11-24 03:09:26.510+0000 INFO  [o.n.k.i.DiagnosticsManager]  [classpath + loader.0] file:/home/kidpolos/Escritorio/neo4j-community-2.3.1/lib/scala-parser-combinators_2.11-1.0.4.jar
2015-11-24 03:09:26.510+0000 INFO  [o.n.k.i.DiagnosticsManager]  [loader.1] file:/usr/lib/jvm/java-8-oracle/jre/lib/ext/localedata.jar
2015-11-24 03:09:26.510+0000 INFO  [o.n.k.i.DiagnosticsManager]  [classpath + loader.0] file:/home/kidpolos/Escritorio/neo4j-community-2.3.1/lib/commons-lang3-3.3.2.jar
2015-11-24 03:09:26.510+0000 INFO  [o.n.k.i.DiagnosticsManager]  [classpath + loader.0] file:/home/kidpolos/Escritorio/neo4j-community-2.3.1/lib/neo4j-graph-algo-2.3.1.jar
2015-11-24 03:09:26.510+0000 INFO  [o.n.k.i.DiagnosticsManager]  [classpath + loader.0] file:/home/kidpolos/Escritorio/neo4j-community-2.3.1/lib/neo4j-shell-2.3.1.jar
2015-11-24 03:09:26.510+0000 INFO  [o.n.k.i.DiagnosticsManager]  [classpath + loader.0] file:/home/kidpolos/Escritorio/neo4j-community-2.3.1/lib/neo4j-primitive-collections-2.3.1.jar
2015-11-24 03:09:26.511+0000 INFO  [o.n.k.i.DiagnosticsManager]  [classpath + loader.0] file:/home/kidpolos/Escritorio/mongo-java-driver-3.0.4.jar
2015-11-24 03:09:26.511+0000 INFO  [o.n.k.i.DiagnosticsManager] Library path:
2015-11-24 03:09:26.511+0000 INFO  [o.n.k.i.DiagnosticsManager] /home/kidpolos/torch/install/lib
2015-11-24 03:09:26.511+0000 INFO  [o.n.k.i.DiagnosticsManager] /home/kidpolos/workspace/TABD-Final-Proyect
2015-11-24 03:09:26.512+0000 INFO  [o.n.k.i.DiagnosticsManager] /usr/java/packages/lib/amd64
2015-11-24 03:09:26.512+0000 INFO  [o.n.k.i.DiagnosticsManager] /usr/lib64
2015-11-24 03:09:26.512+0000 INFO  [o.n.k.i.DiagnosticsManager] /lib64
2015-11-24 03:09:26.512+0000 INFO  [o.n.k.i.DiagnosticsManager] /lib
2015-11-24 03:09:26.513+0000 INFO  [o.n.k.i.DiagnosticsManager] /usr/lib
2015-11-24 03:09:26.513+0000 INFO  [o.n.k.i.DiagnosticsManager] System.properties:
2015-11-24 03:09:26.513+0000 INFO  [o.n.k.i.DiagnosticsManager] sun.boot.library.path = /usr/lib/jvm/java-8-oracle/jre/lib/amd64
2015-11-24 03:09:26.514+0000 INFO  [o.n.k.i.DiagnosticsManager] path.separator = :
2015-11-24 03:09:26.514+0000 INFO  [o.n.k.i.DiagnosticsManager] file.encoding.pkg = sun.io
2015-11-24 03:09:26.514+0000 INFO  [o.n.k.i.DiagnosticsManager] user.country = CL
2015-11-24 03:09:26.514+0000 INFO  [o.n.k.i.DiagnosticsManager] sun.java.launcher = SUN_STANDARD
2015-11-24 03:09:26.514+0000 INFO  [o.n.k.i.DiagnosticsManager] sun.os.patch.level = unknown
2015-11-24 03:09:26.514+0000 INFO  [o.n.k.i.DiagnosticsManager] user.dir = /home/kidpolos/workspace/TABD-Final-Proyect
2015-11-24 03:09:26.515+0000 INFO  [o.n.k.i.DiagnosticsManager] sun.jnu.encoding = UTF-8
2015-11-24 03:09:26.515+0000 INFO  [o.n.k.i.DiagnosticsManager] sun.management.compiler = HotSpot 64-Bit Tiered Compilers
2015-11-24 03:09:26.515+0000 INFO  [o.n.k.i.DiagnosticsManager] user.home = /home/kidpolos
2015-11-24 03:09:26.515+0000 INFO  [o.n.k.i.DiagnosticsManager] user.timezone = America/Santiago
2015-11-24 03:09:26.516+0000 INFO  [o.n.k.i.DiagnosticsManager] file.encoding = UTF-8
2015-11-24 03:09:26.516+0000 INFO  [o.n.k.i.DiagnosticsManager] user.name = kidpolos
2015-11-24 03:09:26.516+0000 INFO  [o.n.k.i.DiagnosticsManager] sun.java.command = main
2015-11-24 03:09:26.516+0000 INFO  [o.n.k.i.DiagnosticsManager] sun.arch.data.model = 64
2015-11-24 03:09:26.517+0000 INFO  [o.n.k.i.DiagnosticsManager] user.language = es
2015-11-24 03:09:26.517+0000 INFO  [o.n.k.i.DiagnosticsManager] awt.toolkit = sun.awt.X11.XToolkit
2015-11-24 03:09:26.517+0000 INFO  [o.n.k.i.DiagnosticsManager] file.separator = /
2015-11-24 03:09:26.517+0000 INFO  [o.n.k.i.DiagnosticsManager] sun.io.unicode.encoding = UnicodeLittle
2015-11-24 03:09:26.517+0000 INFO  [o.n.k.i.DiagnosticsManager] sun.cpu.endian = little
2015-11-24 03:09:26.517+0000 INFO  [o.n.k.i.DiagnosticsManager] sun.desktop = gnome
2015-11-24 03:09:26.517+0000 INFO  [o.n.k.i.DiagnosticsManager] sun.cpu.isalist = 
2015-11-24 03:09:26.518+0000 INFO  [o.n.k.i.DiagnosticsManager] Linux scheduler information:
2015-11-24 03:09:26.520+0000 INFO  [o.n.k.i.DiagnosticsManager] noop [deadline] cfq 
2015-11-24 03:09:26.521+0000 INFO  [o.n.k.i.DiagnosticsManager] noop [deadline] cfq 
2015-11-24 03:09:26.522+0000 INFO  [o.n.k.i.DiagnosticsManager] none
2015-11-24 03:09:26.522+0000 INFO  [o.n.k.i.DiagnosticsManager] none
2015-11-24 03:09:26.522+0000 INFO  [o.n.k.i.DiagnosticsManager] none
2015-11-24 03:09:26.523+0000 INFO  [o.n.k.i.DiagnosticsManager] none
2015-11-24 03:09:26.523+0000 INFO  [o.n.k.i.DiagnosticsManager] none
2015-11-24 03:09:26.524+0000 INFO  [o.n.k.i.DiagnosticsManager] none
2015-11-24 03:09:26.524+0000 INFO  [o.n.k.i.DiagnosticsManager] none
2015-11-24 03:09:26.525+0000 INFO  [o.n.k.i.DiagnosticsManager] none
2015-11-24 03:09:26.525+0000 INFO  [o.n.k.i.DiagnosticsManager] none
2015-11-24 03:09:26.525+0000 INFO  [o.n.k.i.DiagnosticsManager] none
2015-11-24 03:09:26.526+0000 INFO  [o.n.k.i.DiagnosticsManager] none
2015-11-24 03:09:26.526+0000 INFO  [o.n.k.i.DiagnosticsManager] none
2015-11-24 03:09:26.527+0000 INFO  [o.n.k.i.DiagnosticsManager] none
2015-11-24 03:09:26.527+0000 INFO  [o.n.k.i.DiagnosticsManager] none
2015-11-24 03:09:26.528+0000 INFO  [o.n.k.i.DiagnosticsManager] none
2015-11-24 03:09:26.528+0000 INFO  [o.n.k.i.DiagnosticsManager] none
2015-11-24 03:09:26.529+0000 INFO  [o.n.k.i.DiagnosticsManager] none
2015-11-24 03:09:26.529+0000 INFO  [o.n.k.i.DiagnosticsManager] none
2015-11-24 03:09:26.529+0000 INFO  [o.n.k.i.DiagnosticsManager] none
2015-11-24 03:09:26.530+0000 INFO  [o.n.k.i.DiagnosticsManager] none
2015-11-24 03:09:26.530+0000 INFO  [o.n.k.i.DiagnosticsManager] none
2015-11-24 03:09:26.531+0000 INFO  [o.n.k.i.DiagnosticsManager] none
2015-11-24 03:09:26.531+0000 INFO  [o.n.k.i.DiagnosticsManager] none
2015-11-24 03:09:26.538+0000 INFO  [o.n.k.i.DiagnosticsManager] none
2015-11-24 03:09:26.538+0000 INFO  [o.n.k.i.DiagnosticsManager] Network information:
2015-11-24 03:09:26.539+0000 INFO  [o.n.k.i.DiagnosticsManager] Interface docker0:
2015-11-24 03:09:26.540+0000 INFO  [o.n.k.i.DiagnosticsManager]     address: 172.17.42.1
2015-11-24 03:09:26.540+0000 INFO  [o.n.k.i.DiagnosticsManager] Interface wlan0:
2015-11-24 03:09:26.541+0000 INFO  [o.n.k.i.DiagnosticsManager]     address: fe80:0:0:0:aee0:10ff:fe21:40bb%wlan0
2015-11-24 03:09:26.541+0000 INFO  [o.n.k.i.DiagnosticsManager]     address: fd61:f8ee:ad55:0:58cd:645e:8aa:2813%wlan0
2015-11-24 03:09:26.541+0000 INFO  [o.n.k.i.DiagnosticsManager]     address: fd61:f8ee:ad55:0:aee0:10ff:fe21:40bb%wlan0
2015-11-24 03:09:26.546+0000 INFO  [o.n.k.i.DiagnosticsManager]     address: 192.168.1.117
2015-11-24 03:09:26.546+0000 INFO  [o.n.k.i.DiagnosticsManager] Interface lo:
2015-11-24 03:09:26.546+0000 INFO  [o.n.k.i.DiagnosticsManager]     address: 0:0:0:0:0:0:0:1%lo
2015-11-24 03:09:26.547+0000 INFO  [o.n.k.i.DiagnosticsManager]     address: 127.0.0.1
2015-11-24 03:09:26.547+0000 INFO  [o.n.k.i.DiagnosticsManager] --- INITIALIZED diagnostics END ---
2015-11-24 03:09:29.468+0000 INFO  [o.n.k.a.i.i.LuceneLabelScanStore] No lucene scan store index found, this might just be first use. Preparing to rebuild.
2015-11-24 03:09:29.719+0000 INFO  [o.n.k.NeoStoreDataSource] Opened logical log [/home/kidpolos/workspace/TABD-Final-Proyect/./Escritorio/neostore.transaction.db.0] version=0, lastTxId=1 (clean)
2015-11-24 03:09:29.742+0000 WARN  [o.n.k.i.s.MetaDataStore] Missing counts store, rebuilding it.
2015-11-24 03:09:29.968+0000 INFO  [o.n.k.a.i.i.LuceneLabelScanStore] Rebuilding lucene scan store, this may take a while
2015-11-24 03:09:29.971+0000 INFO  [o.n.k.a.i.i.LuceneLabelScanStore] Lucene scan store rebuilt (roughly -1 nodes)
2015-11-24 03:09:29.989+0000 INFO  [o.n.k.KernelHealth] Kernel health set to OK
2015-11-24 03:09:30.972+0000 INFO  [o.n.k.AvailabilityGuard] Fulfilling of requirement makes database available: Database available
2015-11-24 03:09:30.973+0000 INFO  [o.n.k.i.f.CommunityFacadeFactory] Database is now ready
2015-11-24 03:09:30.976+0000 INFO  [o.n.k.i.DiagnosticsManager] --- STARTED diagnostics for KernelDiagnostics:Versions START ---
2015-11-24 03:09:30.976+0000 INFO  [o.n.k.i.DiagnosticsManager] Graph Database: Community StoreId{creationTime=1448334568915, randomId=6039846208031844178, storeVersion=15250506225055238, upgradeTime=1448334568915, upgradeId=1}
2015-11-24 03:09:30.979+0000 INFO  [o.n.k.i.DiagnosticsManager] Kernel version: 2.3.1,dd67f90
2015-11-24 03:09:30.980+0000 INFO  [o.n.k.i.DiagnosticsManager] --- STARTED diagnostics for KernelDiagnostics:Versions END ---
2015-11-24 03:09:30.987+0000 INFO  [o.n.k.i.DiagnosticsManager] --- STARTED diagnostics for NEO_STORE_VERSIONS START ---
2015-11-24 03:09:30.988+0000 INFO  [o.n.k.i.DiagnosticsManager] Store versions:
2015-11-24 03:09:30.988+0000 INFO  [o.n.k.i.DiagnosticsManager] Store versions:
2015-11-24 03:09:30.988+0000 INFO  [o.n.k.i.DiagnosticsManager] ArrayPropertyStore v0.A.6
2015-11-24 03:09:30.988+0000 INFO  [o.n.k.i.DiagnosticsManager] NodeStore v0.A.6
2015-11-24 03:09:30.988+0000 INFO  [o.n.k.i.DiagnosticsManager] StringPropertyStore v0.A.6
2015-11-24 03:09:30.989+0000 INFO  [o.n.k.i.DiagnosticsManager] PropertyIndexStore v0.A.6
2015-11-24 03:09:30.989+0000 INFO  [o.n.k.i.DiagnosticsManager] StringPropertyStore v0.A.6
2015-11-24 03:09:30.989+0000 INFO  [o.n.k.i.DiagnosticsManager] ArrayPropertyStore v0.A.6
2015-11-24 03:09:30.989+0000 INFO  [o.n.k.i.DiagnosticsManager] PropertyStore v0.A.6
2015-11-24 03:09:30.989+0000 INFO  [o.n.k.i.DiagnosticsManager] RelationshipStore v0.A.6
2015-11-24 03:09:30.990+0000 INFO  [o.n.k.i.DiagnosticsManager] StringPropertyStore v0.A.6
2015-11-24 03:09:30.990+0000 INFO  [o.n.k.i.DiagnosticsManager] RelationshipTypeStore v0.A.6
2015-11-24 03:09:30.990+0000 INFO  [o.n.k.i.DiagnosticsManager] StringPropertyStore v0.A.6
2015-11-24 03:09:30.990+0000 INFO  [o.n.k.i.DiagnosticsManager] LabelTokenStore v0.A.6
2015-11-24 03:09:30.990+0000 INFO  [o.n.k.i.DiagnosticsManager] SchemaStore v0.A.6
2015-11-24 03:09:30.991+0000 INFO  [o.n.k.i.DiagnosticsManager] RelationshipGroupStore v0.A.6
2015-11-24 03:09:30.991+0000 INFO  [o.n.k.i.DiagnosticsManager] NeoStore v0.A.6
2015-11-24 03:09:30.991+0000 INFO  [o.n.k.i.DiagnosticsManager] --- STARTED diagnostics for NEO_STORE_VERSIONS END ---
2015-11-24 03:09:30.991+0000 INFO  [o.n.k.i.DiagnosticsManager] --- STARTED diagnostics for NEO_STORE_ID_USAGE START ---
2015-11-24 03:09:30.991+0000 INFO  [o.n.k.i.DiagnosticsManager] Id usage:
2015-11-24 03:09:30.991+0000 INFO  [o.n.k.i.DiagnosticsManager] Id usage:
2015-11-24 03:09:30.992+0000 INFO  [o.n.k.i.DiagnosticsManager]   ArrayPropertyStore v0.A.6: used=1 high=0
2015-11-24 03:09:30.992+0000 INFO  [o.n.k.i.DiagnosticsManager]   NodeStore v0.A.6: used=0 high=-1
2015-11-24 03:09:30.993+0000 INFO  [o.n.k.i.DiagnosticsManager]   StringPropertyStore v0.A.6: used=1 high=0
2015-11-24 03:09:30.993+0000 INFO  [o.n.k.i.DiagnosticsManager]   PropertyIndexStore v0.A.6: used=0 high=-1
2015-11-24 03:09:30.994+0000 INFO  [o.n.k.i.DiagnosticsManager]   StringPropertyStore v0.A.6: used=1 high=0
2015-11-24 03:09:30.994+0000 INFO  [o.n.k.i.DiagnosticsManager]   ArrayPropertyStore v0.A.6: used=1 high=0
2015-11-24 03:09:30.995+0000 INFO  [o.n.k.i.DiagnosticsManager]   PropertyStore v0.A.6: used=0 high=-1
2015-11-24 03:09:30.995+0000 INFO  [o.n.k.i.DiagnosticsManager]   RelationshipStore v0.A.6: used=0 high=-1
2015-11-24 03:09:30.996+0000 INFO  [o.n.k.i.DiagnosticsManager]   StringPropertyStore v0.A.6: used=1 high=0
2015-11-24 03:09:30.996+0000 INFO  [o.n.k.i.DiagnosticsManager]   RelationshipTypeStore v0.A.6: used=0 high=-1
2015-11-24 03:09:30.997+0000 INFO  [o.n.k.i.DiagnosticsManager]   StringPropertyStore v0.A.6: used=1 high=0
2015-11-24 03:09:30.997+0000 INFO  [o.n.k.i.DiagnosticsManager]   LabelTokenStore v0.A.6: used=0 high=-1
2015-11-24 03:09:30.998+0000 INFO  [o.n.k.i.DiagnosticsManager]   SchemaStore v0.A.6: used=1 high=0
2015-11-24 03:09:30.998+0000 INFO  [o.n.k.i.DiagnosticsManager]   RelationshipGroupStore v0.A.6: used=1 high=0
2015-11-24 03:09:30.998+0000 INFO  [o.n.k.i.DiagnosticsManager]   NeoStore v0.A.6: used=13 high=12
2015-11-24 03:09:30.999+0000 INFO  [o.n.k.i.DiagnosticsManager] --- STARTED diagnostics for NEO_STORE_ID_USAGE END ---
2015-11-24 03:09:30.999+0000 INFO  [o.n.k.i.DiagnosticsManager] --- STARTED diagnostics for NEO_STORE_RECORDS START ---
2015-11-24 03:09:30.999+0000 INFO  [o.n.k.i.DiagnosticsManager] Neostore records:
2015-11-24 03:09:31.000+0000 INFO  [o.n.k.i.DiagnosticsManager] TIME (Creation time): 1448334568915
2015-11-24 03:09:31.001+0000 INFO  [o.n.k.i.DiagnosticsManager] RANDOM_NUMBER (Random number for store id): 6039846208031844178
2015-11-24 03:09:31.001+0000 INFO  [o.n.k.i.DiagnosticsManager] LOG_VERSION (Current log version): 0
2015-11-24 03:09:31.001+0000 INFO  [o.n.k.i.DiagnosticsManager] LAST_TRANSACTION_ID (Last committed transaction): 1
2015-11-24 03:09:31.001+0000 INFO  [o.n.k.i.DiagnosticsManager] STORE_VERSION (Store format version): 15250506225055238
2015-11-24 03:09:31.001+0000 INFO  [o.n.k.i.DiagnosticsManager] FIRST_GRAPH_PROPERTY (First property record containing graph properties): -1
2015-11-24 03:09:31.001+0000 INFO  [o.n.k.i.DiagnosticsManager] LAST_CONSTRAINT_TRANSACTION (Last committed transaction containing constraint changes): 0
2015-11-24 03:09:31.002+0000 INFO  [o.n.k.i.DiagnosticsManager] UPGRADE_TRANSACTION_ID (Transaction id most recent upgrade was performed at): 1
2015-11-24 03:09:31.002+0000 INFO  [o.n.k.i.DiagnosticsManager] UPGRADE_TIME (Time of last upgrade): 1448334568915
2015-11-24 03:09:31.002+0000 INFO  [o.n.k.i.DiagnosticsManager] LAST_TRANSACTION_CHECKSUM (Checksum of last committed transaction): 0
2015-11-24 03:09:31.002+0000 INFO  [o.n.k.i.DiagnosticsManager] UPGRADE_TRANSACTION_CHECKSUM (Checksum of transaction id the most recent upgrade was performed at): 0
2015-11-24 03:09:31.002+0000 INFO  [o.n.k.i.DiagnosticsManager] LAST_CLOSED_TRANSACTION_LOG_VERSION (Log version where the last transaction commit entry has been written into): 0
2015-11-24 03:09:31.002+0000 INFO  [o.n.k.i.DiagnosticsManager] LAST_CLOSED_TRANSACTION_LOG_BYTE_OFFSET (Byte offset in the log file where the last transaction commit entry has been written into): 16
2015-11-24 03:09:31.003+0000 INFO  [o.n.k.i.DiagnosticsManager] --- STARTED diagnostics for NEO_STORE_RECORDS END ---
2015-11-24 03:09:31.003+0000 INFO  [o.n.k.i.DiagnosticsManager] --- STARTED diagnostics for TRANSACTION_RANGE START ---
2015-11-24 03:09:31.003+0000 INFO  [o.n.k.i.DiagnosticsManager] Transaction log:
2015-11-24 03:09:31.005+0000 INFO  [o.n.k.i.DiagnosticsManager] No transactions found in any log
2015-11-24 03:09:31.006+0000 INFO  [o.n.k.i.DiagnosticsManager] --- STARTED diagnostics for TRANSACTION_RANGE END ---
2015-11-24 03:09:31.007+0000 INFO  [o.n.k.i.DiagnosticsManager] --- STARTED diagnostics for KernelDiagnostics:StoreFiles START ---
2015-11-24 03:09:31.008+0000 INFO  [o.n.k.i.DiagnosticsManager] Disk space on partition (Total / Free / Free %): 487490379776 / 461475852288 / 94
Storage files: (filename : modification date - size)
2015-11-24 03:09:31.009+0000 INFO  [o.n.k.i.DiagnosticsManager]   index:
2015-11-24 03:09:31.010+0000 INFO  [o.n.k.i.DiagnosticsManager]   - Total: 2015-11-24T00:09:29-0300 - 0,00 B
2015-11-24 03:09:31.011+0000 INFO  [o.n.k.i.DiagnosticsManager]   messages.log: 2015-11-24T00:09:31-0300 - 27,20 kB
2015-11-24 03:09:31.012+0000 INFO  [o.n.k.i.DiagnosticsManager]   neostore: 2015-11-24T00:09:28-0300 - 8,00 kB
2015-11-24 03:09:31.012+0000 INFO  [o.n.k.i.DiagnosticsManager]   neostore.counts.db.a: 2015-11-24T00:09:29-0300 - 96,00 B
2015-11-24 03:09:31.013+0000 INFO  [o.n.k.i.DiagnosticsManager]   neostore.id: 2015-11-24T00:09:28-0300 - 9,00 B
2015-11-24 03:09:31.014+0000 INFO  [o.n.k.i.DiagnosticsManager]   neostore.labeltokenstore.db: 2015-11-24T00:09:28-0300 - 0,00 B
2015-11-24 03:09:31.014+0000 INFO  [o.n.k.i.DiagnosticsManager]   neostore.labeltokenstore.db.id: 2015-11-24T00:09:28-0300 - 9,00 B
2015-11-24 03:09:31.015+0000 INFO  [o.n.k.i.DiagnosticsManager]   neostore.labeltokenstore.db.names: 2015-11-24T00:09:28-0300 - 8,00 kB
2015-11-24 03:09:31.016+0000 INFO  [o.n.k.i.DiagnosticsManager]   neostore.labeltokenstore.db.names.id: 2015-11-24T00:09:28-0300 - 9,00 B
2015-11-24 03:09:31.016+0000 INFO  [o.n.k.i.DiagnosticsManager]   neostore.nodestore.db: 2015-11-24T00:09:27-0300 - 0,00 B
2015-11-24 03:09:31.017+0000 INFO  [o.n.k.i.DiagnosticsManager]   neostore.nodestore.db.id: 2015-11-24T00:09:27-0300 - 9,00 B
2015-11-24 03:09:31.017+0000 INFO  [o.n.k.i.DiagnosticsManager]   neostore.nodestore.db.labels: 2015-11-24T00:09:27-0300 - 8,00 kB
2015-11-24 03:09:31.018+0000 INFO  [o.n.k.i.DiagnosticsManager]   neostore.nodestore.db.labels.id: 2015-11-24T00:09:27-0300 - 9,00 B
2015-11-24 03:09:31.019+0000 INFO  [o.n.k.i.DiagnosticsManager]   neostore.propertystore.db: 2015-11-24T00:09:27-0300 - 0,00 B
2015-11-24 03:09:31.019+0000 INFO  [o.n.k.i.DiagnosticsManager]   neostore.propertystore.db.arrays: 2015-11-24T00:09:27-0300 - 8,00 kB
2015-11-24 03:09:31.020+0000 INFO  [o.n.k.i.DiagnosticsManager]   neostore.propertystore.db.arrays.id: 2015-11-24T00:09:27-0300 - 9,00 B
2015-11-24 03:09:31.020+0000 INFO  [o.n.k.i.DiagnosticsManager]   neostore.propertystore.db.id: 2015-11-24T00:09:27-0300 - 9,00 B
2015-11-24 03:09:31.021+0000 INFO  [o.n.k.i.DiagnosticsManager]   neostore.propertystore.db.index: 2015-11-24T00:09:27-0300 - 0,00 B
2015-11-24 03:09:31.022+0000 INFO  [o.n.k.i.DiagnosticsManager]   neostore.propertystore.db.index.id: 2015-11-24T00:09:27-0300 - 9,00 B
2015-11-24 03:09:31.023+0000 INFO  [o.n.k.i.DiagnosticsManager]   neostore.propertystore.db.index.keys: 2015-11-24T00:09:27-0300 - 8,00 kB
2015-11-24 03:09:31.023+0000 INFO  [o.n.k.i.DiagnosticsManager]   neostore.propertystore.db.index.keys.id: 2015-11-24T00:09:27-0300 - 9,00 B
2015-11-24 03:09:31.024+0000 INFO  [o.n.k.i.DiagnosticsManager]   neostore.propertystore.db.strings: 2015-11-24T00:09:27-0300 - 8,00 kB
2015-11-24 03:09:31.025+0000 INFO  [o.n.k.i.DiagnosticsManager]   neostore.propertystore.db.strings.id: 2015-11-24T00:09:27-0300 - 9,00 B
2015-11-24 03:09:31.025+0000 INFO  [o.n.k.i.DiagnosticsManager]   neostore.relationshipgroupstore.db: 2015-11-24T00:09:28-0300 - 8,00 kB
2015-11-24 03:09:31.026+0000 INFO  [o.n.k.i.DiagnosticsManager]   neostore.relationshipgroupstore.db.id: 2015-11-24T00:09:28-0300 - 9,00 B
2015-11-24 03:09:31.026+0000 INFO  [o.n.k.i.DiagnosticsManager]   neostore.relationshipstore.db: 2015-11-24T00:09:27-0300 - 0,00 B
2015-11-24 03:09:31.027+0000 INFO  [o.n.k.i.DiagnosticsManager]   neostore.relationshipstore.db.id: 2015-11-24T00:09:27-0300 - 9,00 B
2015-11-24 03:09:31.027+0000 INFO  [o.n.k.i.DiagnosticsManager]   neostore.relationshiptypestore.db: 2015-11-24T00:09:28-0300 - 0,00 B
2015-11-24 03:09:31.028+0000 INFO  [o.n.k.i.DiagnosticsManager]   neostore.relationshiptypestore.db.id: 2015-11-24T00:09:28-0300 - 9,00 B
2015-11-24 03:09:31.028+0000 INFO  [o.n.k.i.DiagnosticsManager]   neostore.relationshiptypestore.db.names: 2015-11-24T00:09:28-0300 - 8,00 kB
2015-11-24 03:09:31.029+0000 INFO  [o.n.k.i.DiagnosticsManager]   neostore.relationshiptypestore.db.names.id: 2015-11-24T00:09:28-0300 - 9,00 B
2015-11-24 03:09:31.029+0000 INFO  [o.n.k.i.DiagnosticsManager]   neostore.schemastore.db: 2015-11-24T00:09:28-0300 - 8,00 kB
2015-11-24 03:09:31.030+0000 INFO  [o.n.k.i.DiagnosticsManager]   neostore.schemastore.db.id: 2015-11-24T00:09:28-0300 - 9,00 B
2015-11-24 03:09:31.030+0000 INFO  [o.n.k.i.DiagnosticsManager]   neostore.transaction.db.0: 2015-11-24T00:09:29-0300 - 16,00 B
2015-11-24 03:09:31.031+0000 INFO  [o.n.k.i.DiagnosticsManager]   schema:
2015-11-24 03:09:31.031+0000 INFO  [o.n.k.i.DiagnosticsManager]     label:
2015-11-24 03:09:31.031+0000 INFO  [o.n.k.i.DiagnosticsManager]       lucene:
2015-11-24 03:09:31.032+0000 INFO  [o.n.k.i.DiagnosticsManager]         write.lock: 2015-11-24T00:09:29-0300 - 0,00 B
2015-11-24 03:09:31.033+0000 INFO  [o.n.k.i.DiagnosticsManager]       - Total: 2015-11-24T00:09:29-0300 - 0,00 B
2015-11-24 03:09:31.033+0000 INFO  [o.n.k.i.DiagnosticsManager]     - Total: 2015-11-24T00:09:29-0300 - 0,00 B
2015-11-24 03:09:31.034+0000 INFO  [o.n.k.i.DiagnosticsManager]   - Total: 2015-11-24T00:09:29-0300 - 0,00 B
2015-11-24 03:09:31.034+0000 INFO  [o.n.k.i.DiagnosticsManager]   store_lock: 2015-11-24T00:09:26-0300 - 0,00 B
2015-11-24 03:09:31.035+0000 INFO  [o.n.k.i.DiagnosticsManager] --- STARTED diagnostics for KernelDiagnostics:StoreFiles END ---
2015-11-24 03:09:31.615+0000 INFO  [o.n.k.i.f.GraphDatabaseFacade] Shutdown started
2015-11-24 03:09:31.624+0000 INFO  [o.n.k.i.f.CommunityFacadeFactory] Database is now unavailable
2015-11-24 03:09:31.747+0000 INFO  [o.n.k.i.s.c.CountsTracker] About to rotate counts store at transaction 3 to [/home/kidpolos/workspace/TABD-Final-Proyect/./Escritorio/neostore.counts.db.b], from [/home/kidpolos/workspace/TABD-Final-Proyect/./Escritorio/neostore.counts.db.a].
2015-11-24 03:09:31.750+0000 INFO  [o.n.k.i.s.c.CountsTracker] Successfully rotated counts store at transaction 3 to [/home/kidpolos/workspace/TABD-Final-Proyect/./Escritorio/neostore.counts.db.b], from [/home/kidpolos/workspace/TABD-Final-Proyect/./Escritorio/neostore.counts.db.a].
2015-11-24 03:09:32.031+0000 INFO  [o.n.k.i.t.l.c.CheckPointerImpl] Check Pointing triggered by database shutdown [3]:  Starting check pointing...
2015-11-24 03:09:32.031+0000 INFO  [o.n.k.i.t.l.c.CheckPointerImpl] Check Pointing triggered by database shutdown [3]:  Starting store flush...
2015-11-24 03:09:32.036+0000 INFO  [o.n.k.i.t.l.c.CheckPointerImpl] Check Pointing triggered by database shutdown [3]:  Store flush completed
2015-11-24 03:09:32.036+0000 INFO  [o.n.k.i.t.l.c.CheckPointerImpl] Check Pointing triggered by database shutdown [3]:  Starting appending check point entry into the tx log...
2015-11-24 03:09:32.082+0000 INFO  [o.n.k.i.t.l.c.CheckPointerImpl] Check Pointing triggered by database shutdown [3]:  Appending check point entry into the tx log completed
2015-11-24 03:09:32.082+0000 INFO  [o.n.k.i.t.l.c.CheckPointerImpl] Check Pointing triggered by database shutdown [3]:  Check pointing completed
2015-11-24 03:09:32.083+0000 INFO  [o.n.k.i.t.l.p.LogPruningImpl] Log Rotation [0]:  Starting log pruning.
2015-11-24 03:09:32.083+0000 INFO  [o.n.k.i.t.l.p.LogPruningImpl] Log Rotation [0]:  Log pruning complete.
2015-11-24 03:09:32.450+0000 INFO  [o.n.k.NeoStoreDataSource] NeoStores closed
2015-11-24 03:09:32.450+0000 INFO  [o.n.k.i.DiagnosticsManager] --- STOPPING diagnostics START ---
2015-11-24 03:09:32.451+0000 INFO  [o.n.k.i.DiagnosticsManager] --- STOPPING diagnostics END ---
